###Command: D:\Go\src\github.com\Azure\dev\azure-rest-api-specs\specification\applicationinsights\ApplicationInsights.LiveMetrics
tsp [compile .]
TypeSpec compiler v0.54.0

[31mEmitter "@azure-tools/typespec-go" crashed! This is a bug.[39m
Please file an issue at [36mhttps://github.com/Azure/autorest.go/issues[39m

[90mError: unexpected header parameter type eTag
    at clientAdapter.adaptHeaderType (file:///D:/Go/src/github.com/Azure/autorest.go/packages/typespec-go/src/tcgcadapter/clients.ts:436:13)
    at clientAdapter.adaptResponseEnvelope (file:///D:/Go/src/github.com/Azure/autorest.go/packages/typespec-go/src/tcgcadapter/clients.ts:358:98)
    at clientAdapter.populateMethod (file:///D:/Go/src/github.com/Azure/autorest.go/packages/typespec-go/src/tcgcadapter/clients.ts:185:38)
    at clientAdapter.adaptMethod (file:///D:/Go/src/github.com/Azure/autorest.go/packages/typespec-go/src/tcgcadapter/clients.ts:162:10)
    at clientAdapter.recursiveAdaptClient (file:///D:/Go/src/github.com/Azure/autorest.go/packages/typespec-go/src/tcgcadapter/clients.ts:117:14)
    at clientAdapter.adaptClients (file:///D:/Go/src/github.com/Azure/autorest.go/packages/typespec-go/src/tcgcadapter/clients.ts:40:14)
    at tcgcToGoCodeModel (file:///D:/Go/src/github.com/Azure/autorest.go/packages/typespec-go/src/tcgcadapter/adapter.ts:52:6)
    at Object.$onEmit [as emitFunction] (file:///D:/Go/src/github.com/Azure/autorest.go/packages/typespec-go/src/emitter.ts:34:21)
    at runEmitter (file:///D:/Go/src/github.com/Azure/dev/azure-rest-api-specs/node_modules/@typespec/compiler/src/core/program.ts:830:21)
    at compile (file:///D:/Go/src/github.com/Azure/dev/azure-rest-api-specs/node_modules/@typespec/compiler/src/core/program.ts:404:11)[39m

--------------------------------------------------
Library Version                [33m0.1.0-dev.1[39m
TypeSpec Compiler Version      [33m0.54.0[39m
--------------------------------------------------
