0 info it worked if it ends with ok
1 verbose cli [ 'C:\\Program Files (x86)\\nodejs\\\\node.exe',
1 verbose cli   'C:\\Program Files (x86)\\nodejs\\node_modules\\npm\\bin\\npm-cli.js',
1 verbose cli   'run',
1 verbose cli   'prettier',
1 verbose cli   '--',
1 verbose cli   '--write',
1 verbose cli   'specification/OperationalInsights/**/*.json' ]
2 info using npm@2.7.4
3 info using node@v0.12.2
4 verbose node symlink C:\Program Files (x86)\nodejs\\node.exe
5 verbose run-script [ 'prettier' ]
6 info prettier azure-rest-api-specs-tests@0.1.0
7 verbose unsafe-perm in lifecycle true
8 info azure-rest-api-specs-tests@0.1.0 Failed to exec prettier script
9 verbose stack Error: azure-rest-api-specs-tests@0.1.0 prettier: `prettier --write specification/OperationalInsights/**/*.json`
9 verbose stack Exit status 1
9 verbose stack     at EventEmitter.<anonymous> (C:\Program Files (x86)\nodejs\node_modules\npm\lib\utils\lifecycle.js:213:16)
9 verbose stack     at EventEmitter.emit (events.js:110:17)
9 verbose stack     at ChildProcess.<anonymous> (C:\Program Files (x86)\nodejs\node_modules\npm\lib\utils\spawn.js:14:12)
9 verbose stack     at ChildProcess.emit (events.js:110:17)
9 verbose stack     at maybeClose (child_process.js:1015:16)
9 verbose stack     at Process.ChildProcess._handle.onexit (child_process.js:1087:5)
10 verbose pkgid azure-rest-api-specs-tests@0.1.0
11 verbose cwd C:\One\swagger\azure-rest-api-specs\specification\operationalinsights\resource-manager\Microsoft.OperationalInsights
12 error Windows_NT 6.3.9600
13 error argv "C:\\Program Files (x86)\\nodejs\\\\node.exe" "C:\\Program Files (x86)\\nodejs\\node_modules\\npm\\bin\\npm-cli.js" "run" "prettier" "--" "--write" "specification/OperationalInsights/**/*.json"
14 error node v0.12.2
15 error npm  v2.7.4
16 error code ELIFECYCLE
17 error azure-rest-api-specs-tests@0.1.0 prettier: `prettier --write specification/OperationalInsights/**/*.json`
17 error Exit status 1
18 error Failed at the azure-rest-api-specs-tests@0.1.0 prettier script 'prettier --write specification/OperationalInsights/**/*.json'.
18 error This is most likely a problem with the azure-rest-api-specs-tests package,
18 error not with npm itself.
18 error Tell the author that this fails on your system:
18 error     prettier --write specification/OperationalInsights/**/*.json
18 error You can get their info via:
18 error     npm owner ls azure-rest-api-specs-tests
18 error There is likely additional logging output above.
19 verbose exit [ 1, true ]
