TypeSpec compiler v1.12.0

- Compiling...
ΓÜá Compiling
Diagnostics were reported during compilation:

[36mdocs/generated-tsp/MachineLearningServices.Management.v2023_02_01_preview/PrivateEndpointConnection.tsp[39m:[33m19[39m:[33m6[39m - [33mwarning[39m [90m@azure-tools/typespec-azure-core/no-legacy-usage[39m: Referencing elements inside Legacy namespace "Azure.ResourceManager.Legacy" is not allowed.
> 19 |   is Azure.ResourceManager.Legacy.TrackedResourceWithOptionalLocation<PrivateEndpointConnectionProperties> {
     |      ^^^^^^^^^^^^^^^^^^^^^^^^^^^^^^^^^^^^^^^^^^^^^^^^^^^^^^^^^^^^^^^^^^^^^^^^^^^^^^^^^^^^^^^^^^^^^^^^^^^^^
[36mdocs/generated-tsp/MachineLearningServices.Management.v2023_02_01_preview/Workspace.tsp[39m:[33m27[39m:[33m3[39m - [33mwarning[39m [90m@azure-tools/typespec-azure-core/documentation-required[39m: The ModelProperty named 'kind' should have a documentation or description, use doc comment /** */ to provide it.
> 27 |   kind?: string;
     |   ^^^^
[36mdocs/generated-tsp/MachineLearningServices.Management.v2023_02_01_preview/Workspace.tsp[39m:[33m17[39m:[33m6[39m - [33mwarning[39m [90m@azure-tools/typespec-azure-core/no-legacy-usage[39m: Referencing elements inside Legacy namespace "Azure.ResourceManager.Legacy" is not allowed.
> 17 |   is Azure.ResourceManager.Legacy.TrackedResourceWithOptionalLocation<WorkspaceProperties> {
     |      ^^^^^^^^^^^^^^^^^^^^^^^^^^^^^^^^^^^^^^^^^^^^^^^^^^^^^^^^^^^^^^^^^^^^^^^^^^^^^^^^^^^^^
[36mdocs/generated-tsp/MachineLearningServices.Management.v2023_02_01_preview/models.tsp[39m:[33m4536[39m:[33m3[39m - [33mwarning[39m [90m@azure-tools/typespec-azure-resource-manager/secret-prop[39m: Property 'userStorageKey' looks like it contains sensitive information. Consider marking it with @secret decorator to ensure it is handled securely.
> 4536 |   userStorageKey?: string;
       |   ^^^^^^^^^^^^^^
[36mdocs/generated-tsp/MachineLearningServices.Management.v2023_02_01_preview/models.tsp[39m:[33m4544[39m:[33m3[39m - [33mwarning[39m [90m@azure-tools/typespec-azure-resource-manager/secret-prop[39m: Property 'appInsightsInstrumentationKey' looks like it contains sensitive information. Consider marking it with @secret decorator to ensure it is handled securely.
> 4544 |   appInsightsInstrumentationKey?: string;
       |   ^^^^^^^^^^^^^^^^^^^^^^^^^^^^^
[36mdocs/generated-tsp/MachineLearningServices.Management.v2023_02_01_preview/models.tsp[39m:[33m4585[39m:[33m3[39m - [33mwarning[39m [90m@azure-tools/typespec-azure-resource-manager/secret-prop[39m: Property 'primaryAccessKey' looks like it contains sensitive information. Consider marking it with @secret decorator to ensure it is handled securely.
> 4585 |   primaryAccessKey?: string;
       |   ^^^^^^^^^^^^^^^^
[36mdocs/generated-tsp/MachineLearningServices.Management.v2023_02_01_preview/models.tsp[39m:[33m4589[39m:[33m3[39m - [33mwarning[39m [90m@azure-tools/typespec-azure-resource-manager/secret-prop[39m: Property 'secondaryAccessKey' looks like it contains sensitive information. Consider marking it with @secret decorator to ensure it is handled securely.
> 4589 |   secondaryAccessKey?: string;
       |   ^^^^^^^^^^^^^^^^^^
[36mdocs/generated-tsp/MachineLearningServices.Management.v2023_02_01_preview/models.tsp[39m:[33m4692[39m:[33m3[39m - [33mwarning[39m [90m@azure-tools/typespec-azure-core/casing-style[39m: The names of Property types must use camelCase
> 4692 |   vCPUs?: int32;
       |   ^^^^^
[36mdocs/generated-tsp/MachineLearningServices.Management.v2023_02_01_preview/models.tsp[39m:[33m4704[39m:[33m3[39m - [33mwarning[39m [90m@azure-tools/typespec-azure-core/casing-style[39m: The names of Property types must use camelCase
> 4704 |   osVhdSizeMB?: int32;
       |   ^^^^^^^^^^^
[36mdocs/generated-tsp/MachineLearningServices.Management.v2023_02_01_preview/models.tsp[39m:[33m4710[39m:[33m3[39m - [33mwarning[39m [90m@azure-tools/typespec-azure-core/casing-style[39m: The names of Property types must use camelCase
> 4710 |   maxResourceVolumeMB?: int32;
       |   ^^^^^^^^^^^^^^^^^^^
[36mdocs/generated-tsp/MachineLearningServices.Management.v2023_02_01_preview/models.tsp[39m:[33m4716[39m:[33m3[39m - [33mwarning[39m [90m@azure-tools/typespec-azure-core/casing-style[39m: The names of Property types must use camelCase
> 4716 |   memoryGB?: float64;
       |   ^^^^^^^^
[36mdocs/generated-tsp/MachineLearningServices.Management.v2023_02_01_preview/models.tsp[39m:[33m4728[39m:[33m3[39m - [33mwarning[39m [90m@azure-tools/typespec-azure-core/casing-style[39m: The names of Property types must use camelCase
> 4728 |   premiumIO?: boolean;
       |   ^^^^^^^^^
[36mdocs/generated-tsp/MachineLearningServices.Management.v2023_02_01_preview/models.tsp[39m:[33m4733[39m:[33m3[39m - [33mwarning[39m [90m@azure-tools/typespec-azure-core/casing-style[39m: The names of Property types must use camelCase
> 4733 |   estimatedVMPrices?: EstimatedVMPrices;
       |   ^^^^^^^^^^^^^^^^^
[36mdocs/generated-tsp/MachineLearningServices.Management.v2023_02_01_preview/ComputeResource.tsp[39m:[33m20[39m:[33m6[39m - [33mwarning[39m [90m@azure-tools/typespec-azure-core/no-legacy-usage[39m: Referencing elements inside Legacy namespace "Azure.ResourceManager.Legacy" is not allowed.
> 20 |   is Azure.ResourceManager.Legacy.TrackedResourceWithOptionalLocation<{}> {
     |      ^^^^^^^^^^^^^^^^^^^^^^^^^^^^^^^^^^^^^^^^^^^^^^^^^^^^^^^^^^^^^^^^^^^^
[36mdocs/generated-tsp/MachineLearningServices.Management.v2023_02_01_preview/ComputeResource.tsp[39m:[33m20[39m:[33m71[39m - [33mwarning[39m [90m@azure-tools/typespec-azure-resource-manager/arm-resource-provisioning-state[39m: The RP-specific property model in the 'properties' property of this resource must contain a 'provisioningState property.  The property type should be an enum or a union of string values, and it must specify known state values 'Succeeded', 'Failed', and 'Canceled'.
> 20 |   is Azure.ResourceManager.Legacy.TrackedResourceWithOptionalLocation<{}> {
     |                                                                       ^^
[36mdocs/generated-tsp/MachineLearningServices.Management.v2023_02_01_preview/models.tsp[39m:[33m5005[39m:[33m7[39m - [33mwarning[39m [90m@azure-tools/typespec-azure-resource-manager/patch-envelope[39m: The Resource PATCH request for resource 'ComputeResource' is missing envelope properties:  [identity, sku, tags]. Since these properties are supported in the resource, they must also be updatable via PATCH.
> 5005 | model ClusterUpdateParameters {
       |       ^^^^^^^^^^^^^^^^^^^^^^^
[36mdocs/generated-tsp/MachineLearningServices.Management.v2023_02_01_preview/ComputeResource.tsp[39m:[33m20[39m:[33m71[39m - [33mwarning[39m [90m@azure-tools/typespec-azure-resource-manager/no-empty-model[39m: Properties with type:object must have definition of a reference model.
> 20 |   is Azure.ResourceManager.Legacy.TrackedResourceWithOptionalLocation<{}> {
     |                                                                       ^^
[36mdocs/generated-tsp/MachineLearningServices.Management.v2023_02_01_preview/models.tsp[39m:[33m5314[39m:[33m3[39m - [33mwarning[39m [90m@azure-tools/typespec-azure-resource-manager/secret-prop[39m: Property 'accessToken' looks like it contains sensitive information. Consider marking it with @secret decorator to ensure it is handled securely.
> 5314 |   accessToken?: string;
       |   ^^^^^^^^^^^
[36mdocs/generated-tsp/MachineLearningServices.Management.v2023_02_01_preview/models.tsp[39m:[33m5326[39m:[33m3[39m - [33mwarning[39m [90m@azure-tools/typespec-azure-resource-manager/secret-prop[39m: Property 'refreshToken' looks like it contains sensitive information. Consider marking it with @secret decorator to ensure it is handled securely.
> 5326 |   refreshToken?: string;
       |   ^^^^^^^^^^^^
[36mdocs/generated-tsp/MachineLearningServices.Management.v2023_02_01_preview/models.tsp[39m:[33m5434[39m:[33m3[39m - [33mwarning[39m [90m@azure-tools/typespec-azure-resource-manager/secret-prop[39m: Property 'userStorageKey' looks like it contains sensitive information. Consider marking it with @secret decorator to ensure it is handled securely.
> 5434 |   userStorageKey?: string;
       |   ^^^^^^^^^^^^^^
[36mdocs/generated-tsp/MachineLearningServices.Management.v2023_02_01_preview/models.tsp[39m:[33m5559[39m:[33m3[39m - [33mwarning[39m [90m@azure-tools/typespec-azure-resource-manager/arm-resource-duplicate-property[39m: Duplicate property "properties" found in the resource envelope and resource properties.  Please do not duplicate envelope properties in resource properties.
> 5559 |   properties?: Record<string>;
       |   ^^^^^^^^^^
[36mdocs/generated-tsp/MachineLearningServices.Management.v2023_02_01_preview/models.tsp[39m:[33m7740[39m:[33m3[39m - [33mwarning[39m [90m@azure-tools/typespec-azure-resource-manager/secret-prop[39m: Property 'publicNetworkAccess' looks like it contains sensitive information. Consider marking it with @secret decorator to ensure it is handled securely.
> 7740 |   publicNetworkAccess?: string;
       |   ^^^^^^^^^^^^^^^^^^^
[36mdocs/generated-tsp/MachineLearningServices.Management.v2023_02_01_preview/models.tsp[39m:[33m5559[39m:[33m3[39m - [33mwarning[39m [90m@azure-tools/typespec-azure-resource-manager/arm-resource-duplicate-property[39m: Duplicate property "properties" found in the resource envelope and resource properties.  Please do not duplicate envelope properties in resource properties.
> 5559 |   properties?: Record<string>;
       |   ^^^^^^^^^^
[36mdocs/generated-tsp/MachineLearningServices.Management.v2023_02_01_preview/models.tsp[39m:[33m5565[39m:[33m3[39m - [33mwarning[39m [90m@azure-tools/typespec-azure-resource-manager/arm-resource-duplicate-property[39m: Duplicate property "tags" found in the resource envelope and resource properties.  Please do not duplicate envelope properties in resource properties.
> 5565 |   tags?: Record<string>;
       |   ^^^^
[36mdocs/generated-tsp/MachineLearningServices.Management.v2023_02_01_preview/models.tsp[39m:[33m5559[39m:[33m3[39m - [33mwarning[39m [90m@azure-tools/typespec-azure-resource-manager/arm-resource-duplicate-property[39m: Duplicate property "properties" found in the resource envelope and resource properties.  Please do not duplicate envelope properties in resource properties.
> 5559 |   properties?: Record<string>;
       |   ^^^^^^^^^^
[36mdocs/generated-tsp/MachineLearningServices.Management.v2023_02_01_preview/models.tsp[39m:[33m5559[39m:[33m3[39m - [33mwarning[39m [90m@azure-tools/typespec-azure-resource-manager/arm-resource-duplicate-property[39m: Duplicate property "properties" found in the resource envelope and resource properties.  Please do not duplicate envelope properties in resource properties.
> 5559 |   properties?: Record<string>;
       |   ^^^^^^^^^^
[36mdocs/generated-tsp/MachineLearningServices.Management.v2023_02_01_preview/models.tsp[39m:[33m5641[39m:[33m3[39m - [33mwarning[39m [90m@azure-tools/typespec-azure-core/no-unknown[39m: Azure services must not have properties of type `unknown`.
> 5641 |   componentSpec?: unknown;
       |   ^^^^^^^^^^^^^
[36mdocs/generated-tsp/MachineLearningServices.Management.v2023_02_01_preview/models.tsp[39m:[33m5559[39m:[33m3[39m - [33mwarning[39m [90m@azure-tools/typespec-azure-resource-manager/arm-resource-duplicate-property[39m: Duplicate property "properties" found in the resource envelope and resource properties.  Please do not duplicate envelope properties in resource properties.
> 5559 |   properties?: Record<string>;
       |   ^^^^^^^^^^
[36mdocs/generated-tsp/MachineLearningServices.Management.v2023_02_01_preview/models.tsp[39m:[33m5559[39m:[33m3[39m - [33mwarning[39m [90m@azure-tools/typespec-azure-resource-manager/arm-resource-duplicate-property[39m: Duplicate property "properties" found in the resource envelope and resource properties.  Please do not duplicate envelope properties in resource properties.
> 5559 |   properties?: Record<string>;
       |   ^^^^^^^^^^
[36mdocs/generated-tsp/MachineLearningServices.Management.v2023_02_01_preview/models.tsp[39m:[33m5559[39m:[33m3[39m - [33mwarning[39m [90m@azure-tools/typespec-azure-resource-manager/arm-resource-duplicate-property[39m: Duplicate property "properties" found in the resource envelope and resource properties.  Please do not duplicate envelope properties in resource properties.
> 5559 |   properties?: Record<string>;
       |   ^^^^^^^^^^
[36mdocs/generated-tsp/MachineLearningServices.Management.v2023_02_01_preview/models.tsp[39m:[33m5559[39m:[33m3[39m - [33mwarning[39m [90m@azure-tools/typespec-azure-resource-manager/arm-resource-duplicate-property[39m: Duplicate property "properties" found in the resource envelope and resource properties.  Please do not duplicate envelope properties in resource properties.
> 5559 |   properties?: Record<string>;
       |   ^^^^^^^^^^
[36mdocs/generated-tsp/MachineLearningServices.Management.v2023_02_01_preview/models.tsp[39m:[33m5559[39m:[33m3[39m - [33mwarning[39m [90m@azure-tools/typespec-azure-resource-manager/arm-resource-duplicate-property[39m: Duplicate property "properties" found in the resource envelope and resource properties.  Please do not duplicate envelope properties in resource properties.
> 5559 |   properties?: Record<string>;
       |   ^^^^^^^^^^
[36mdocs/generated-tsp/MachineLearningServices.Management.v2023_02_01_preview/models.tsp[39m:[33m5559[39m:[33m3[39m - [33mwarning[39m [90m@azure-tools/typespec-azure-resource-manager/arm-resource-duplicate-property[39m: Duplicate property "properties" found in the resource envelope and resource properties.  Please do not duplicate envelope properties in resource properties.
> 5559 |   properties?: Record<string>;
       |   ^^^^^^^^^^
[36mdocs/generated-tsp/MachineLearningServices.Management.v2023_02_01_preview/models.tsp[39m:[33m5559[39m:[33m3[39m - [33mwarning[39m [90m@azure-tools/typespec-azure-resource-manager/arm-resource-duplicate-property[39m: Duplicate property "properties" found in the resource envelope and resource properties.  Please do not duplicate envelope properties in resource properties.
> 5559 |   properties?: Record<string>;
       |   ^^^^^^^^^^
[36mdocs/generated-tsp/MachineLearningServices.Management.v2023_02_01_preview/models.tsp[39m:[33m5973[39m:[33m3[39m - [33mwarning[39m [90m@azure-tools/typespec-azure-resource-manager/secret-prop[39m: Property 'primaryKey' looks like it contains sensitive information. Consider marking it with @secret decorator to ensure it is handled securely.
> 5973 |   primaryKey?: string;
       |   ^^^^^^^^^^
[36mdocs/generated-tsp/MachineLearningServices.Management.v2023_02_01_preview/models.tsp[39m:[33m5979[39m:[33m3[39m - [33mwarning[39m [90m@azure-tools/typespec-azure-resource-manager/secret-prop[39m: Property 'secondaryKey' looks like it contains sensitive information. Consider marking it with @secret decorator to ensure it is handled securely.
> 5979 |   secondaryKey?: string;
       |   ^^^^^^^^^^^^
[36mdocs/generated-tsp/MachineLearningServices.Management.v2023_02_01_preview/models.tsp[39m:[33m5950[39m:[33m3[39m - [33mwarning[39m [90m@azure-tools/typespec-azure-resource-manager/arm-resource-duplicate-property[39m: Duplicate property "properties" found in the resource envelope and resource properties.  Please do not duplicate envelope properties in resource properties.
> 5950 |   properties?: Record<string>;
       |   ^^^^^^^^^^
[36mdocs/generated-tsp/MachineLearningServices.Management.v2023_02_01_preview/models.tsp[39m:[33m5986[39m:[33m7[39m - [33mwarning[39m [90m@azure-tools/typespec-azure-resource-manager/patch-envelope[39m: The Resource PATCH request for resource 'BatchEndpoint' is missing envelope properties:  [sku]. Since these properties are supported in the resource, they must also be updatable via PATCH.
> 5986 | model PartialMinimalTrackedResourceWithIdentity
       |       ^^^^^^^^^^^^^^^^^^^^^^^^^^^^^^^^^^^^^^^^^
[36mdocs/generated-tsp/MachineLearningServices.Management.v2023_02_01_preview/models.tsp[39m:[33m6126[39m:[33m7[39m - [33mwarning[39m [90m@azure-tools/typespec-azure-resource-manager/no-empty-model[39m: Properties with type:object must have definition of a reference model.
> 6126 | model DeploymentResourceConfiguration extends ResourceConfiguration {}
       |       ^^^^^^^^^^^^^^^^^^^^^^^^^^^^^^^
[36mdocs/generated-tsp/MachineLearningServices.Management.v2023_02_01_preview/models.tsp[39m:[33m6200[39m:[33m3[39m - [33mwarning[39m [90m@azure-tools/typespec-azure-resource-manager/arm-resource-duplicate-property[39m: Duplicate property "properties" found in the resource envelope and resource properties.  Please do not duplicate envelope properties in resource properties.
> 6200 |   properties?: Record<string>;
       |   ^^^^^^^^^^
[36mdocs/generated-tsp/MachineLearningServices.Management.v2023_02_01_preview/models.tsp[39m:[33m6225[39m:[33m7[39m - [33mwarning[39m [90m@azure-tools/typespec-azure-resource-manager/patch-envelope[39m: The Resource PATCH request for resource 'BatchDeployment' is missing envelope properties:  [identity, sku]. Since these properties are supported in the resource, they must also be updatable via PATCH.
> 6225 | model PartialBatchDeploymentPartialMinimalTrackedResourceWithProperties {
       |       ^^^^^^^^^^^^^^^^^^^^^^^^^^^^^^^^^^^^^^^^^^^^^^^^^^^^^^^^^^^^^^^^^
[36mdocs/generated-tsp/MachineLearningServices.Management.v2023_02_01_preview/models.tsp[39m:[33m5559[39m:[33m3[39m - [33mwarning[39m [90m@azure-tools/typespec-azure-resource-manager/arm-resource-duplicate-property[39m: Duplicate property "properties" found in the resource envelope and resource properties.  Please do not duplicate envelope properties in resource properties.
> 5559 |   properties?: Record<string>;
       |   ^^^^^^^^^^
[36mdocs/generated-tsp/MachineLearningServices.Management.v2023_02_01_preview/models.tsp[39m:[33m5559[39m:[33m3[39m - [33mwarning[39m [90m@azure-tools/typespec-azure-resource-manager/arm-resource-duplicate-property[39m: Duplicate property "properties" found in the resource envelope and resource properties.  Please do not duplicate envelope properties in resource properties.
> 5559 |   properties?: Record<string>;
       |   ^^^^^^^^^^
[36mdocs/generated-tsp/MachineLearningServices.Management.v2023_02_01_preview/models.tsp[39m:[33m5559[39m:[33m3[39m - [33mwarning[39m [90m@azure-tools/typespec-azure-resource-manager/arm-resource-duplicate-property[39m: Duplicate property "properties" found in the resource envelope and resource properties.  Please do not duplicate envelope properties in resource properties.
> 5559 |   properties?: Record<string>;
       |   ^^^^^^^^^^
[36mdocs/generated-tsp/MachineLearningServices.Management.v2023_02_01_preview/models.tsp[39m:[33m5559[39m:[33m3[39m - [33mwarning[39m [90m@azure-tools/typespec-azure-resource-manager/arm-resource-duplicate-property[39m: Duplicate property "properties" found in the resource envelope and resource properties.  Please do not duplicate envelope properties in resource properties.
> 5559 |   properties?: Record<string>;
       |   ^^^^^^^^^^
[36mdocs/generated-tsp/MachineLearningServices.Management.v2023_02_01_preview/models.tsp[39m:[33m5559[39m:[33m3[39m - [33mwarning[39m [90m@azure-tools/typespec-azure-resource-manager/arm-resource-duplicate-property[39m: Duplicate property "properties" found in the resource envelope and resource properties.  Please do not duplicate envelope properties in resource properties.
> 5559 |   properties?: Record<string>;
       |   ^^^^^^^^^^
[36mdocs/generated-tsp/MachineLearningServices.Management.v2023_02_01_preview/models.tsp[39m:[33m5559[39m:[33m3[39m - [33mwarning[39m [90m@azure-tools/typespec-azure-resource-manager/arm-resource-duplicate-property[39m: Duplicate property "properties" found in the resource envelope and resource properties.  Please do not duplicate envelope properties in resource properties.
> 5559 |   properties?: Record<string>;
       |   ^^^^^^^^^^
[36mdocs/generated-tsp/MachineLearningServices.Management.v2023_02_01_preview/models.tsp[39m:[33m7026[39m:[33m7[39m - [33mwarning[39m [90m@azure-tools/typespec-azure-core/casing-style[39m: The names of Model types must use PascalCase
> 7026 | model MLAssistConfiguration {
       |       ^^^^^^^^^^^^^^^^^^^^^
[36mdocs/generated-tsp/MachineLearningServices.Management.v2023_02_01_preview/models.tsp[39m:[33m5559[39m:[33m3[39m - [33mwarning[39m [90m@azure-tools/typespec-azure-resource-manager/arm-resource-duplicate-property[39m: Duplicate property "properties" found in the resource envelope and resource properties.  Please do not duplicate envelope properties in resource properties.
> 5559 |   properties?: Record<string>;
       |   ^^^^^^^^^^
[36mdocs/generated-tsp/MachineLearningServices.Management.v2023_02_01_preview/models.tsp[39m:[33m5950[39m:[33m3[39m - [33mwarning[39m [90m@azure-tools/typespec-azure-resource-manager/arm-resource-duplicate-property[39m: Duplicate property "properties" found in the resource envelope and resource properties.  Please do not duplicate envelope properties in resource properties.
> 5950 |   properties?: Record<string>;
       |   ^^^^^^^^^^
[36mdocs/generated-tsp/MachineLearningServices.Management.v2023_02_01_preview/models.tsp[39m:[33m5986[39m:[33m7[39m - [33mwarning[39m [90m@azure-tools/typespec-azure-resource-manager/patch-envelope[39m: The Resource PATCH request for resource 'OnlineEndpoint' is missing envelope properties:  [sku]. Since these properties are supported in the resource, they must also be updatable via PATCH.
> 5986 | model PartialMinimalTrackedResourceWithIdentity
       |       ^^^^^^^^^^^^^^^^^^^^^^^^^^^^^^^^^^^^^^^^^
[36mdocs/generated-tsp/MachineLearningServices.Management.v2023_02_01_preview/models.tsp[39m:[33m6200[39m:[33m3[39m - [33mwarning[39m [90m@azure-tools/typespec-azure-resource-manager/arm-resource-duplicate-property[39m: Duplicate property "properties" found in the resource envelope and resource properties.  Please do not duplicate envelope properties in resource properties.
> 6200 |   properties?: Record<string>;
       |   ^^^^^^^^^^
[36mdocs/generated-tsp/MachineLearningServices.Management.v2023_02_01_preview/models.tsp[39m:[33m7513[39m:[33m7[39m - [33mwarning[39m [90m@azure-tools/typespec-azure-resource-manager/patch-envelope[39m: The Resource PATCH request for resource 'OnlineDeployment' is missing envelope properties:  [identity]. Since these properties are supported in the resource, they must also be updatable via PATCH.
> 7513 | model PartialMinimalTrackedResourceWithSku
       |       ^^^^^^^^^^^^^^^^^^^^^^^^^^^^^^^^^^^^
[36mdocs/generated-tsp/MachineLearningServices.Management.v2023_02_01_preview/models.tsp[39m:[33m7659[39m:[33m3[39m - [33mwarning[39m [90m@azure-tools/typespec-azure-resource-manager/secret-prop[39m: Property 'accessToken' looks like it contains sensitive information. Consider marking it with @secret decorator to ensure it is handled securely.
> 7659 |   accessToken?: string;
       |   ^^^^^^^^^^^
[36mdocs/generated-tsp/MachineLearningServices.Management.v2023_02_01_preview/models.tsp[39m:[33m5559[39m:[33m3[39m - [33mwarning[39m [90m@azure-tools/typespec-azure-resource-manager/arm-resource-duplicate-property[39m: Duplicate property "properties" found in the resource envelope and resource properties.  Please do not duplicate envelope properties in resource properties.
> 5559 |   properties?: Record<string>;
       |   ^^^^^^^^^^
[36mdocs/generated-tsp/MachineLearningServices.Management.v2023_02_01_preview/models.tsp[39m:[33m7873[39m:[33m3[39m - [33mwarning[39m [90m@azure-tools/typespec-azure-core/no-unknown[39m: Azure services must not have properties of type `unknown`.
> 7873 |   properties?: unknown;
       |   ^^^^^^^^^^
[36mdocs/generated-tsp/MachineLearningServices.Management.v2023_02_01_preview/models.tsp[39m:[33m7935[39m:[33m7[39m - [33mwarning[39m [90m@azure-tools/typespec-azure-core/casing-style[39m: The names of Model types must use PascalCase
> 7935 | model AKSSchema {
       |       ^^^^^^^^^
[36mdocs/generated-tsp/MachineLearningServices.Management.v2023_02_01_preview/models.tsp[39m:[33m7945[39m:[33m7[39m - [33mwarning[39m [90m@azure-tools/typespec-azure-core/casing-style[39m: The names of Model types must use PascalCase
> 7945 | model AKSSchemaProperties {
       |       ^^^^^^^^^^^^^^^^^^^
[36mdocs/generated-tsp/MachineLearningServices.Management.v2023_02_01_preview/models.tsp[39m:[33m8071[39m:[33m3[39m - [33mwarning[39m [90m@azure-tools/typespec-azure-core/casing-style[39m: The names of Property types must use camelCase
> 8071 |   dnsServiceIP?: string;
       |   ^^^^^^^^^^^^
[36mdocs/generated-tsp/MachineLearningServices.Management.v2023_02_01_preview/models.tsp[39m:[33m7925[39m:[33m7[39m - [33mwarning[39m [90m@azure-tools/typespec-azure-core/casing-style[39m: The names of Model types must use PascalCase
> 7925 | model AKS extends Compute {
       |       ^^^
[36mdocs/generated-tsp/MachineLearningServices.Management.v2023_02_01_preview/models.tsp[39m:[33m8276[39m:[33m3[39m - [33mwarning[39m [90m@azure-tools/typespec-azure-core/no-unknown[39m: Azure services must not have properties of type `unknown`.
> 8276 |   propertyBag?: unknown;
       |   ^^^^^^^^^^^
[36mdocs/generated-tsp/MachineLearningServices.Management.v2023_02_01_preview/models.tsp[39m:[33m8875[39m:[33m3[39m - [33mwarning[39m [90m@azure-tools/typespec-azure-core/casing-style[39m: The names of Property types must use camelCase
> 8875 |   diskSizeGB?: int32;
       |   ^^^^^^^^^^
[36mdocs/generated-tsp/MachineLearningServices.Management.v2023_02_01_preview/models.tsp[39m:[33m9034[39m:[33m3[39m - [33mwarning[39m [90m@azure-tools/typespec-azure-resource-manager/secret-prop[39m: Property 'password' looks like it contains sensitive information. Consider marking it with @secret decorator to ensure it is handled securely.
> 9034 |   password?: string;
       |   ^^^^^^^^
[36mdocs/generated-tsp/MachineLearningServices.Management.v2023_02_01_preview/models.tsp[39m:[33m9050[39m:[33m7[39m - [33mwarning[39m [90m@azure-tools/typespec-azure-core/casing-style[39m: The names of Model types must use PascalCase
> 9050 | model HDInsightProperties {
       |       ^^^^^^^^^^^^^^^^^^^
[36mdocs/generated-tsp/MachineLearningServices.Management.v2023_02_01_preview/models.tsp[39m:[33m9080[39m:[33m7[39m - [33mwarning[39m [90m@azure-tools/typespec-azure-core/casing-style[39m: The names of Model types must use PascalCase
> 9080 | model HDInsightSchema {
       |       ^^^^^^^^^^^^^^^
[36mdocs/generated-tsp/MachineLearningServices.Management.v2023_02_01_preview/models.tsp[39m:[33m9070[39m:[33m7[39m - [33mwarning[39m [90m@azure-tools/typespec-azure-core/casing-style[39m: The names of Model types must use PascalCase
> 9070 | model HDInsight extends Compute {
       |       ^^^^^^^^^
[36mdocs/generated-tsp/MachineLearningServices.Management.v2023_02_01_preview/models.tsp[39m:[33m9305[39m:[33m3[39m - [33mwarning[39m [90m@azure-tools/typespec-azure-resource-manager/secret-prop[39m: Property 'databricksAccessToken' looks like it contains sensitive information. Consider marking it with @secret decorator to ensure it is handled securely.
> 9305 |   databricksAccessToken?: string;
       |   ^^^^^^^^^^^^^^^^^^^^^
[36mdocs/generated-tsp/MachineLearningServices.Management.v2023_02_01_preview/models.tsp[39m:[33m9325[39m:[33m3[39m - [33mwarning[39m [90m@azure-tools/typespec-azure-resource-manager/secret-prop[39m: Property 'password' looks like it contains sensitive information. Consider marking it with @secret decorator to ensure it is handled securely.
> 9325 |   password?: string;
       |   ^^^^^^^^
[36mdocs/generated-tsp/MachineLearningServices.Management.v2023_02_01_preview/models.tsp[39m:[33m9335[39m:[33m7[39m - [33mwarning[39m [90m@azure-tools/typespec-azure-core/casing-style[39m: The names of Model types must use PascalCase
> 9335 | model PATAuthTypeWorkspaceConnectionProperties
       |       ^^^^^^^^^^^^^^^^^^^^^^^^^^^^^^^^^^^^^^^^
[36mdocs/generated-tsp/MachineLearningServices.Management.v2023_02_01_preview/models.tsp[39m:[33m9353[39m:[33m7[39m - [33mwarning[39m [90m@azure-tools/typespec-azure-core/casing-style[39m: The names of Model types must use PascalCase
> 9353 | model SASAuthTypeWorkspaceConnectionProperties
       |       ^^^^^^^^^^^^^^^^^^^^^^^^^^^^^^^^^^^^^^^^
[36mdocs/generated-tsp/MachineLearningServices.Management.v2023_02_01_preview/models.tsp[39m:[33m9381[39m:[33m3[39m - [33mwarning[39m [90m@azure-tools/typespec-azure-resource-manager/secret-prop[39m: Property 'secretAccessKey' looks like it contains sensitive information. Consider marking it with @secret decorator to ensure it is handled securely.
> 9381 |   secretAccessKey?: string;
       |   ^^^^^^^^^^^^^^^
[36mdocs/generated-tsp/MachineLearningServices.Management.v2023_02_01_preview/models.tsp[39m:[33m9401[39m:[33m3[39m - [33mwarning[39m [90m@azure-tools/typespec-azure-resource-manager/secret-prop[39m: Property 'clientSecret' looks like it contains sensitive information. Consider marking it with @secret decorator to ensure it is handled securely.
> 9401 |   clientSecret?: string;
       |   ^^^^^^^^^^^^
[36mdocs/generated-tsp/MachineLearningServices.Management.v2023_02_01_preview/models.tsp[39m:[33m9470[39m:[33m3[39m - [33mwarning[39m [90m@azure-tools/typespec-azure-resource-manager/secret-prop[39m: Property 'key' looks like it contains sensitive information. Consider marking it with @secret decorator to ensure it is handled securely.
> 9470 |   key?: string;
       |   ^^^
[36mdocs/generated-tsp/MachineLearningServices.Management.v2023_02_01_preview/models.tsp[39m:[33m9579[39m:[33m7[39m - [33mwarning[39m [90m@azure-tools/typespec-azure-core/casing-style[39m: The names of Model types must use PascalCase
> 9579 | model AutoMLJob extends JobBaseProperties {
       |       ^^^^^^^^^
[36mdocs/generated-tsp/MachineLearningServices.Management.v2023_02_01_preview/models.tsp[39m:[33m9679[39m:[33m7[39m - [33mwarning[39m [90m@azure-tools/typespec-azure-core/casing-style[39m: The names of Model types must use PascalCase
> 9679 | model AutoMLVertical {
       |       ^^^^^^^^^^^^^^
[36mdocs/generated-tsp/MachineLearningServices.Management.v2023_02_01_preview/models.tsp[39m:[33m9704[39m:[33m7[39m - [33mwarning[39m [90m@azure-tools/typespec-azure-core/casing-style[39m: The names of Model types must use PascalCase
> 9704 | model MLTableJobInput extends JobInput {
       |       ^^^^^^^^^^^^^^^
[36mdocs/generated-tsp/MachineLearningServices.Management.v2023_02_01_preview/models.tsp[39m:[33m9745[39m:[33m7[39m - [33mwarning[39m [90m@azure-tools/typespec-azure-core/casing-style[39m: The names of Model types must use PascalCase
> 9745 | model NCrossValidations {
       |       ^^^^^^^^^^^^^^^^^
[36mdocs/generated-tsp/MachineLearningServices.Management.v2023_02_01_preview/models.tsp[39m:[33m9734[39m:[33m7[39m - [33mwarning[39m [90m@azure-tools/typespec-azure-core/casing-style[39m: The names of Model types must use PascalCase
> 9734 | model AutoNCrossValidations extends NCrossValidations {
       |       ^^^^^^^^^^^^^^^^^^^^^
[36mdocs/generated-tsp/MachineLearningServices.Management.v2023_02_01_preview/models.tsp[39m:[33m9988[39m:[33m7[39m - [33mwarning[39m [90m@azure-tools/typespec-azure-core/casing-style[39m: The names of Model types must use PascalCase
> 9988 | model AzureMLBatchInferencingServer extends InferencingServer {
       |       ^^^^^^^^^^^^^^^^^^^^^^^^^^^^^
[36mdocs/generated-tsp/MachineLearningServices.Management.v2023_02_01_preview/models.tsp[39m:[33m10003[39m:[33m7[39m - [33mwarning[39m [90m@azure-tools/typespec-azure-core/casing-style[39m: The names of Model types must use PascalCase
> 10003 | model AzureMLOnlineInferencingServer extends InferencingServer {
        |       ^^^^^^^^^^^^^^^^^^^^^^^^^^^^^^
[36mdocs/generated-tsp/MachineLearningServices.Management.v2023_02_01_preview/models.tsp[39m:[33m10434[39m:[33m3[39m - [33mwarning[39m [90m@azure-tools/typespec-azure-core/no-unknown[39m: Azure services must not have properties of type `unknown`.
> 10434 |   parameters?: unknown;
        |   ^^^^^^^^^^
[36mdocs/generated-tsp/MachineLearningServices.Management.v2023_02_01_preview/models.tsp[39m:[33m10302[39m:[33m3[39m - [33mwarning[39m [90m@azure-tools/typespec-azure-core/casing-style[39m: The names of Property types must use camelCase
> 10302 |   stackMetaLearnerKWargs?: unknown;
        |   ^^^^^^^^^^^^^^^^^^^^^^
[36mdocs/generated-tsp/MachineLearningServices.Management.v2023_02_01_preview/models.tsp[39m:[33m10302[39m:[33m3[39m - [33mwarning[39m [90m@azure-tools/typespec-azure-core/no-unknown[39m: Azure services must not have properties of type `unknown`.
> 10302 |   stackMetaLearnerKWargs?: unknown;
        |   ^^^^^^^^^^^^^^^^^^^^^^
[36mdocs/generated-tsp/MachineLearningServices.Management.v2023_02_01_preview/models.tsp[39m:[33m10811[39m:[33m3[39m - [33mwarning[39m [90m@azure-tools/typespec-azure-core/no-unknown[39m: Azure services must not have properties of type `unknown`.
> 10811 |   parameters?: unknown;
        |   ^^^^^^^^^^
[36mdocs/generated-tsp/MachineLearningServices.Management.v2023_02_01_preview/models.tsp[39m:[33m11007[39m:[33m7[39m - [33mwarning[39m [90m@azure-tools/typespec-azure-core/casing-style[39m: The names of Model types must use PascalCase
> 11007 | model CustomNCrossValidations extends NCrossValidations {
        |       ^^^^^^^^^^^^^^^^^^^^^^^
[36mdocs/generated-tsp/MachineLearningServices.Management.v2023_02_01_preview/models.tsp[39m:[33m11107[39m:[33m3[39m - [33mwarning[39m [90m@azure-tools/typespec-azure-core/no-unknown[39m: Azure services must not have properties of type `unknown`.
> 11107 |   endpointInvocationDefinition: unknown;
        |   ^^^^^^^^^^^^^^^^^^^^^^^^^^^^
[36mdocs/generated-tsp/MachineLearningServices.Management.v2023_02_01_preview/models.tsp[39m:[33m11510[39m:[33m7[39m - [33mwarning[39m [90m@azure-tools/typespec-azure-core/casing-style[39m: The names of Model types must use PascalCase
> 11510 | model MLFlowModelJobInput extends JobInput {
        |       ^^^^^^^^^^^^^^^^^^^
[36mdocs/generated-tsp/MachineLearningServices.Management.v2023_02_01_preview/models.tsp[39m:[33m11476[39m:[33m3[39m - [33mwarning[39m [90m@azure-tools/typespec-azure-core/casing-style[39m: The names of Property types must use camelCase
> 11476 |   stepLRGamma?: float32;
        |   ^^^^^^^^^^^
[36mdocs/generated-tsp/MachineLearningServices.Management.v2023_02_01_preview/models.tsp[39m:[33m11481[39m:[33m3[39m - [33mwarning[39m [90m@azure-tools/typespec-azure-core/casing-style[39m: The names of Property types must use camelCase
> 11481 |   stepLRStepSize?: int32;
        |   ^^^^^^^^^^^^^^
[36mdocs/generated-tsp/MachineLearningServices.Management.v2023_02_01_preview/models.tsp[39m:[33m11496[39m:[33m3[39m - [33mwarning[39m [90m@azure-tools/typespec-azure-core/casing-style[39m: The names of Property types must use camelCase
> 11496 |   warmupCosineLRCycles?: float32;
        |   ^^^^^^^^^^^^^^^^^^^^
[36mdocs/generated-tsp/MachineLearningServices.Management.v2023_02_01_preview/models.tsp[39m:[33m11501[39m:[33m3[39m - [33mwarning[39m [90m@azure-tools/typespec-azure-core/casing-style[39m: The names of Property types must use camelCase
> 11501 |   warmupCosineLRWarmupEpochs?: int32;
        |   ^^^^^^^^^^^^^^^^^^^^^^^^^^
[36mdocs/generated-tsp/MachineLearningServices.Management.v2023_02_01_preview/models.tsp[39m:[33m11692[39m:[33m3[39m - [33mwarning[39m [90m@azure-tools/typespec-azure-core/casing-style[39m: The names of Property types must use camelCase
> 11692 |   stepLRGamma?: string;
        |   ^^^^^^^^^^^
[36mdocs/generated-tsp/MachineLearningServices.Management.v2023_02_01_preview/models.tsp[39m:[33m11697[39m:[33m3[39m - [33mwarning[39m [90m@azure-tools/typespec-azure-core/casing-style[39m: The names of Property types must use camelCase
> 11697 |   stepLRStepSize?: string;
        |   ^^^^^^^^^^^^^^
[36mdocs/generated-tsp/MachineLearningServices.Management.v2023_02_01_preview/models.tsp[39m:[33m11712[39m:[33m3[39m - [33mwarning[39m [90m@azure-tools/typespec-azure-core/casing-style[39m: The names of Property types must use camelCase
> 11712 |   warmupCosineLRCycles?: string;
        |   ^^^^^^^^^^^^^^^^^^^^
[36mdocs/generated-tsp/MachineLearningServices.Management.v2023_02_01_preview/models.tsp[39m:[33m11717[39m:[33m3[39m - [33mwarning[39m [90m@azure-tools/typespec-azure-core/casing-style[39m: The names of Property types must use camelCase
> 11717 |   warmupCosineLRWarmupEpochs?: string;
        |   ^^^^^^^^^^^^^^^^^^^^^^^^^^
[36mdocs/generated-tsp/MachineLearningServices.Management.v2023_02_01_preview/models.tsp[39m:[33m12136[39m:[33m3[39m - [33mwarning[39m [90m@azure-tools/typespec-azure-resource-manager/secret-prop[39m: Property 'kerberosPassword' looks like it contains sensitive information. Consider marking it with @secret decorator to ensure it is handled securely.
> 12136 |   kerberosPassword?: string;
        |   ^^^^^^^^^^^^^^^^
[36mdocs/generated-tsp/MachineLearningServices.Management.v2023_02_01_preview/models.tsp[39m:[33m12262[39m:[33m7[39m - [33mwarning[39m [90m@azure-tools/typespec-azure-core/casing-style[39m: The names of Model types must use PascalCase
> 12262 | model MLAssistConfigurationDisabled extends MLAssistConfiguration {
        |       ^^^^^^^^^^^^^^^^^^^^^^^^^^^^^
[36mdocs/generated-tsp/MachineLearningServices.Management.v2023_02_01_preview/models.tsp[39m:[33m12272[39m:[33m7[39m - [33mwarning[39m [90m@azure-tools/typespec-azure-core/casing-style[39m: The names of Model types must use PascalCase
> 12272 | model MLAssistConfigurationEnabled extends MLAssistConfiguration {
        |       ^^^^^^^^^^^^^^^^^^^^^^^^^^^^
[36mdocs/generated-tsp/MachineLearningServices.Management.v2023_02_01_preview/models.tsp[39m:[33m12294[39m:[33m7[39m - [33mwarning[39m [90m@azure-tools/typespec-azure-core/casing-style[39m: The names of Model types must use PascalCase
> 12294 | model MLFlowModelJobOutput extends JobOutput {
        |       ^^^^^^^^^^^^^^^^^^^^
[36mdocs/generated-tsp/MachineLearningServices.Management.v2023_02_01_preview/models.tsp[39m:[33m12306[39m:[33m7[39m - [33mwarning[39m [90m@azure-tools/typespec-azure-core/casing-style[39m: The names of Model types must use PascalCase
> 12306 | model MLTableData extends DataVersionBaseProperties {
        |       ^^^^^^^^^^^
[36mdocs/generated-tsp/MachineLearningServices.Management.v2023_02_01_preview/models.tsp[39m:[33m12320[39m:[33m7[39m - [33mwarning[39m [90m@azure-tools/typespec-azure-core/casing-style[39m: The names of Model types must use PascalCase
> 12320 | model MLTableJobOutput extends JobOutput {
        |       ^^^^^^^^^^^^^^^^
[36mdocs/generated-tsp/MachineLearningServices.Management.v2023_02_01_preview/models.tsp[39m:[33m12499[39m:[33m7[39m - [33mwarning[39m [90m@azure-tools/typespec-azure-resource-manager/no-empty-model[39m: Properties with type:object must have definition of a reference model.
> 12499 | model NlpVerticalFeaturizationSettings extends FeaturizationSettings {}
        |       ^^^^^^^^^^^^^^^^^^^^^^^^^^^^^^^^
[36mdocs/generated-tsp/MachineLearningServices.Management.v2023_02_01_preview/models.tsp[39m:[33m12656[39m:[33m3[39m - [33mwarning[39m [90m@azure-tools/typespec-azure-core/no-unknown[39m: Azure services must not have properties of type `unknown`.
> 12656 |   settings?: unknown;
        |   ^^^^^^^^
[36mdocs/generated-tsp/MachineLearningServices.Management.v2023_02_01_preview/models.tsp[39m:[33m12771[39m:[33m3[39m - [33mwarning[39m [90m@azure-tools/typespec-azure-resource-manager/secret-prop[39m: Property 'sasToken' looks like it contains sensitive information. Consider marking it with @secret decorator to ensure it is handled securely.
> 12771 |   sasToken?: string;
        |   ^^^^^^^^
[36mdocs/generated-tsp/MachineLearningServices.Management.v2023_02_01_preview/models.tsp[39m:[33m12826[39m:[33m3[39m - [33mwarning[39m [90m@azure-tools/typespec-azure-resource-manager/secret-prop[39m: Property 'clientSecret' looks like it contains sensitive information. Consider marking it with @secret decorator to ensure it is handled securely.
> 12826 |   clientSecret?: string;
        |   ^^^^^^^^^^^^
[36mdocs/generated-tsp/MachineLearningServices.Management.v2023_02_01_preview/models.tsp[39m:[33m13033[39m:[33m3[39m - [33mwarning[39m [90m@azure-tools/typespec-azure-core/no-unknown[39m: Azure services must not have properties of type `unknown`.
> 13033 |   searchSpace: unknown;
        |   ^^^^^^^^^^^
[36mdocs/generated-tsp/MachineLearningServices.Management.v2023_02_01_preview/ComputeResource.tsp[39m:[33m57[39m:[33m3[39m - [33mwarning[39m [90m@azure-tools/typespec-azure-resource-manager/arm-resource-patch[39m: Resource PATCH must contain the 'tags' property.
> 57 |   update is ArmCustomPatchAsync<
     |   ^^^^^^

Found 107 warnings.


