0 info it worked if it ends with ok
1 verbose cli [ 'C:\\Program Files\\nodejs\\node.exe',
1 verbose cli   'C:\\Program Files\\nodejs\\node_modules\\npm\\bin\\npm-cli.js',
1 verbose cli   'install',
1 verbose cli   'autorest',
1 verbose cli   '-g' ]
2 info using npm@3.10.10
3 info using node@v6.11.2
4 silly loadCurrentTree Starting
5 silly install loadCurrentTree
6 silly install readGlobalPackageData
7 silly fetchPackageMetaData autorest
8 silly fetchNamedPackageData autorest
9 silly mapToRegistry name autorest
10 silly mapToRegistry using default registry
11 silly mapToRegistry registry https://registry.npmjs.org/
12 silly mapToRegistry data Result {
12 silly mapToRegistry   raw: 'autorest',
12 silly mapToRegistry   scope: null,
12 silly mapToRegistry   escapedName: 'autorest',
12 silly mapToRegistry   name: 'autorest',
12 silly mapToRegistry   rawSpec: '',
12 silly mapToRegistry   spec: 'latest',
12 silly mapToRegistry   type: 'tag' }
13 silly mapToRegistry uri https://registry.npmjs.org/autorest
14 verbose request uri https://registry.npmjs.org/autorest
15 verbose request no auth needed
16 info attempt registry request try #1 at 12:48:38 PM
17 verbose request id 6b0a7e5ad30c3a72
18 verbose etag W/"59c406fc-1bdf8"
19 verbose lastModified Thu, 21 Sep 2017 18:37:48 GMT
20 http request GET https://registry.npmjs.org/autorest
21 http 200 https://registry.npmjs.org/autorest
22 verbose headers { server: 'nginx/1.10.1',
22 verbose headers   'content-type': 'application/json',
22 verbose headers   'last-modified': 'Fri, 10 Nov 2017 23:07:16 GMT',
22 verbose headers   etag: 'W/"5a063124-29274"',
22 verbose headers   'content-encoding': 'gzip',
22 verbose headers   'cache-control': 'max-age=300',
22 verbose headers   'content-length': '13101',
22 verbose headers   'accept-ranges': 'bytes',
22 verbose headers   date: 'Mon, 13 Nov 2017 20:48:39 GMT',
22 verbose headers   via: '1.1 varnish',
22 verbose headers   age: '0',
22 verbose headers   connection: 'keep-alive',
22 verbose headers   'x-served-by': 'cache-mdw17349-MDW',
22 verbose headers   'x-cache': 'MISS',
22 verbose headers   'x-cache-hits': '0',
22 verbose headers   'x-timer': 'S1510606119.006124,VS0,VE42',
22 verbose headers   vary: 'Accept-Encoding, Accept' }
23 silly get cb [ 200,
23 silly get   { server: 'nginx/1.10.1',
23 silly get     'content-type': 'application/json',
23 silly get     'last-modified': 'Fri, 10 Nov 2017 23:07:16 GMT',
23 silly get     etag: 'W/"5a063124-29274"',
23 silly get     'content-encoding': 'gzip',
23 silly get     'cache-control': 'max-age=300',
23 silly get     'content-length': '13101',
23 silly get     'accept-ranges': 'bytes',
23 silly get     date: 'Mon, 13 Nov 2017 20:48:39 GMT',
23 silly get     via: '1.1 varnish',
23 silly get     age: '0',
23 silly get     connection: 'keep-alive',
23 silly get     'x-served-by': 'cache-mdw17349-MDW',
23 silly get     'x-cache': 'MISS',
23 silly get     'x-cache-hits': '0',
23 silly get     'x-timer': 'S1510606119.006124,VS0,VE42',
23 silly get     vary: 'Accept-Encoding, Accept' } ]
24 verbose get saving autorest to C:\Users\taiwu\AppData\Roaming\npm-cache\registry.npmjs.org\autorest\.cache.json
25 verbose correctMkdir C:\Users\taiwu\AppData\Roaming\npm-cache correctMkdir not in flight; initializing
26 silly install normalizeTree
27 silly loadCurrentTree Finishing
28 silly loadIdealTree Starting
29 silly install loadIdealTree
30 silly cloneCurrentTree Starting
31 silly install cloneCurrentTreeToIdealTree
32 silly cloneCurrentTree Finishing
33 silly loadShrinkwrap Starting
34 silly install loadShrinkwrap
35 silly loadShrinkwrap Finishing
36 silly loadAllDepsIntoIdealTree Starting
37 silly install loadAllDepsIntoIdealTree
38 silly resolveWithNewModule autorest@2.0.4166 checking installable status
39 silly cache add args [ 'autorest', null ]
40 verbose cache add spec autorest
41 silly cache add parsed spec Result {
41 silly cache add   raw: 'autorest',
41 silly cache add   scope: null,
41 silly cache add   escapedName: 'autorest',
41 silly cache add   name: 'autorest',
41 silly cache add   rawSpec: '',
41 silly cache add   spec: 'latest',
41 silly cache add   type: 'tag' }
42 silly addNamed autorest@latest
43 verbose addNamed "latest" is being treated as a dist-tag for autorest
44 info addNameTag [ 'autorest', 'latest' ]
45 silly mapToRegistry name autorest
46 silly mapToRegistry using default registry
47 silly mapToRegistry registry https://registry.npmjs.org/
48 silly mapToRegistry data Result {
48 silly mapToRegistry   raw: 'autorest',
48 silly mapToRegistry   scope: null,
48 silly mapToRegistry   escapedName: 'autorest',
48 silly mapToRegistry   name: 'autorest',
48 silly mapToRegistry   rawSpec: '',
48 silly mapToRegistry   spec: 'latest',
48 silly mapToRegistry   type: 'tag' }
49 silly mapToRegistry uri https://registry.npmjs.org/autorest
50 verbose addNameTag registry:https://registry.npmjs.org/autorest not in flight; fetching
51 verbose get https://registry.npmjs.org/autorest not expired, no request
52 silly addNameTag next cb for autorest with tag latest
53 silly addNamed autorest@2.0.4166
54 verbose addNamed "2.0.4166" is a plain semver version for autorest
55 silly mapToRegistry name autorest
56 silly mapToRegistry using default registry
57 silly mapToRegistry registry https://registry.npmjs.org/
58 silly mapToRegistry data Result {
58 silly mapToRegistry   raw: 'autorest',
58 silly mapToRegistry   scope: null,
58 silly mapToRegistry   escapedName: 'autorest',
58 silly mapToRegistry   name: 'autorest',
58 silly mapToRegistry   rawSpec: '',
58 silly mapToRegistry   spec: 'latest',
58 silly mapToRegistry   type: 'tag' }
59 silly mapToRegistry uri https://registry.npmjs.org/autorest
60 verbose addRemoteTarball https://registry.npmjs.org/autorest/-/autorest-2.0.4166.tgz not in flight; adding
61 verbose addRemoteTarball [ 'https://registry.npmjs.org/autorest/-/autorest-2.0.4166.tgz',
61 verbose addRemoteTarball   '0df53f6d8084b04f674d4cd5342db5bf550ac060' ]
62 info retry fetch attempt 1 at 12:48:39 PM
63 info attempt registry request try #1 at 12:48:39 PM
64 http fetch GET https://registry.npmjs.org/autorest/-/autorest-2.0.4166.tgz
65 http fetch 200 https://registry.npmjs.org/autorest/-/autorest-2.0.4166.tgz
66 silly fetchAndShaCheck shasum 0df53f6d8084b04f674d4cd5342db5bf550ac060
67 verbose addTmpTarball C:\Users\taiwu\AppData\Local\Temp\npm-27564-5d3bc48e\registry.npmjs.org\autorest\-\autorest-2.0.4166.tgz not in flight; adding
68 verbose addTmpTarball already have metadata; skipping unpack for autorest@2.0.4166
69 verbose correctMkdir C:\Users\taiwu\AppData\Roaming\npm-cache correctMkdir not in flight; initializing
70 silly cache afterAdd autorest@2.0.4166
71 verbose afterAdd C:\Users\taiwu\AppData\Roaming\npm-cache\autorest\2.0.4166\package\package.json not in flight; writing
72 verbose correctMkdir C:\Users\taiwu\AppData\Roaming\npm-cache correctMkdir not in flight; initializing
73 verbose afterAdd C:\Users\taiwu\AppData\Roaming\npm-cache\autorest\2.0.4166\package\package.json written
74 silly loadAllDepsIntoIdealTree Finishing
75 silly loadIdealTree Finishing
76 silly currentTree npm
76 silly currentTree `-- autorest@1.2.2
76 silly currentTree   +-- ajv@5.2.2
76 silly currentTree   +-- ansi-regex@2.1.1
76 silly currentTree   +-- ansi-styles@2.2.1
76 silly currentTree   +-- ansicolors@0.2.1
76 silly currentTree   +-- asn1@0.2.3
76 silly currentTree   +-- assert-plus@1.0.0
76 silly currentTree   +-- asynckit@0.4.0
76 silly currentTree   +-- aws-sign2@0.7.0
76 silly currentTree   +-- aws4@1.6.0
76 silly currentTree   +-- balanced-match@1.0.0
76 silly currentTree   +-- bcrypt-pbkdf@1.0.1
76 silly currentTree   +-- big-integer@1.6.25
76 silly currentTree   +-- binary@0.3.0
76 silly currentTree   +-- block-stream@0.0.9
76 silly currentTree   +-- bluebird@2.11.0
76 silly currentTree   +-- boom@4.3.1
76 silly currentTree   +-- brace-expansion@1.1.8
76 silly currentTree   +-- buffer-crc32@0.2.13
76 silly currentTree   +-- buffer-indexof-polyfill@1.0.1
76 silly currentTree   +-- buffer-shims@1.0.0
76 silly currentTree   +-- buffers@0.1.1
76 silly currentTree   +-- builtin-modules@1.1.1
76 silly currentTree   +-- camelcase@3.0.0
76 silly currentTree   +-- cardinal@1.0.0
76 silly currentTree   +-- caseless@0.12.0
76 silly currentTree   +-- chainsaw@0.1.0
76 silly currentTree   +-- chalk@1.1.3
76 silly currentTree   +-- cjson@0.2.1
76 silly currentTree   +-- cli-table@0.3.1
76 silly currentTree   | `-- colors@1.0.3
76 silly currentTree   +-- cliui@3.2.0
76 silly currentTree   +-- co@4.6.0
76 silly currentTree   +-- code-point-at@1.1.0
76 silly currentTree   +-- colors@0.5.1
76 silly currentTree   +-- combined-stream@1.0.5
76 silly currentTree   +-- commander@2.11.0
76 silly currentTree   +-- commonmark@0.27.0
76 silly currentTree   +-- concat-map@0.0.1
76 silly currentTree   +-- core-util-is@1.0.2
76 silly currentTree   +-- cryptiles@3.1.2
76 silly currentTree   | `-- boom@5.2.0
76 silly currentTree   +-- dashdash@1.14.1
76 silly currentTree   +-- data-uri-to-buffer@1.2.0
76 silly currentTree   +-- debug@2.6.8
76 silly currentTree   +-- decamelize@1.2.0
76 silly currentTree   +-- delayed-stream@1.0.0
76 silly currentTree   +-- duplexer2@0.1.4
76 silly currentTree   +-- ebnf-parser@0.1.10
76 silly currentTree   +-- ecc-jsbn@0.1.1
76 silly currentTree   +-- entities@1.1.1
76 silly currentTree   +-- error-ex@1.3.1
76 silly currentTree   +-- escape-string-regexp@1.0.5
76 silly currentTree   +-- escodegen@0.0.21
76 silly currentTree   | `-- esprima@1.0.4
76 silly currentTree   +-- esprima@1.2.2
76 silly currentTree   +-- estraverse@0.0.4
76 silly currentTree   +-- extend@3.0.1
76 silly currentTree   +-- extsprintf@1.3.0
76 silly currentTree   +-- fast-deep-equal@1.0.0
76 silly currentTree   +-- fd-slicer@1.0.1
76 silly currentTree   +-- file-uri-to-path@1.0.0
76 silly currentTree   +-- file-url@2.0.2
76 silly currentTree   +-- find-up@1.1.2
76 silly currentTree   +-- forever-agent@0.6.1
76 silly currentTree   +-- form-data@2.3.1
76 silly currentTree   +-- fs.realpath@1.0.0
76 silly currentTree   +-- fstream@1.0.11
76 silly currentTree   +-- ftp@0.3.10
76 silly currentTree   | `-- readable-stream@1.1.14
76 silly currentTree   +-- get-caller-file@1.0.2
76 silly currentTree   +-- get-uri@2.0.1
76 silly currentTree   +-- getpass@0.1.7
76 silly currentTree   +-- glob@7.1.2
76 silly currentTree   +-- graceful-fs@4.1.11
76 silly currentTree   +-- har-schema@2.0.0
76 silly currentTree   +-- har-validator@5.0.3
76 silly currentTree   +-- has-ansi@2.0.0
76 silly currentTree   +-- hawk@6.0.2
76 silly currentTree   +-- hoek@4.2.0
76 silly currentTree   +-- hosted-git-info@2.5.0
76 silly currentTree   +-- http-signature@1.2.0
76 silly currentTree   +-- inflight@1.0.6
76 silly currentTree   +-- inherits@2.0.3
76 silly currentTree   +-- interpret@1.0.4
76 silly currentTree   +-- invert-kv@1.0.0
76 silly currentTree   +-- is-arrayish@0.2.1
76 silly currentTree   +-- is-builtin-module@1.0.0
76 silly currentTree   +-- is-fullwidth-code-point@1.0.0
76 silly currentTree   +-- is-typedarray@1.0.0
76 silly currentTree   +-- is-utf8@0.2.1
76 silly currentTree   +-- isarray@0.0.1
76 silly currentTree   +-- isstream@0.1.2
76 silly currentTree   +-- jison-lex@0.2.1
76 silly currentTree   +-- jison@0.4.13
76 silly currentTree   | `-- esprima@1.0.4
76 silly currentTree   +-- jsbn@0.1.1
76 silly currentTree   +-- json-schema-traverse@0.3.1
76 silly currentTree   +-- json-schema@0.2.3
76 silly currentTree   +-- json-stable-stringify@1.0.1
76 silly currentTree   +-- json-stringify-safe@5.0.1
76 silly currentTree   +-- jsonify@0.0.0
76 silly currentTree   +-- jsonpath@0.2.12
76 silly currentTree   +-- JSONSelect@0.4.0
76 silly currentTree   +-- jsprim@1.4.1
76 silly currentTree   +-- lcid@1.0.0
76 silly currentTree   +-- lex-parser@0.1.4
76 silly currentTree   +-- linq-es2015@2.4.29
76 silly currentTree   +-- listenercount@1.0.1
76 silly currentTree   +-- load-json-file@1.1.0
76 silly currentTree   | `-- strip-bom@2.0.0
76 silly currentTree   +-- lodash.assign@4.2.0
76 silly currentTree   +-- lodash.toarray@4.4.0
76 silly currentTree   +-- marked-terminal@2.0.0
76 silly currentTree   +-- marked@0.3.6
76 silly currentTree   +-- mdurl@1.0.1
76 silly currentTree   +-- mime-db@1.30.0
76 silly currentTree   +-- mime-types@2.1.17
76 silly currentTree   +-- minimatch@3.0.4
76 silly currentTree   +-- minimist@1.2.0
76 silly currentTree   +-- mkdirp@0.5.1
76 silly currentTree   | `-- minimist@0.0.8
76 silly currentTree   +-- mocha-lcov-reporter@1.3.0
76 silly currentTree   +-- mout@0.11.1
76 silly currentTree   +-- ms@2.0.0
76 silly currentTree   +-- node-emoji@1.8.1
76 silly currentTree   +-- nomnom@1.5.2
76 silly currentTree   | `-- underscore@1.1.7
76 silly currentTree   +-- normalize-package-data@2.4.0
76 silly currentTree   +-- number-is-nan@1.0.1
76 silly currentTree   +-- oauth-sign@0.8.2
76 silly currentTree   +-- once@1.4.0
76 silly currentTree   +-- os-locale@1.4.0
76 silly currentTree   +-- os-tmpdir@1.0.2
76 silly currentTree   +-- parse-json@2.2.0
76 silly currentTree   +-- path-exists@2.1.0
76 silly currentTree   +-- path-is-absolute@1.0.1
76 silly currentTree   +-- path-parse@1.0.5
76 silly currentTree   +-- path-type@1.1.0
76 silly currentTree   +-- pend@1.2.0
76 silly currentTree   +-- performance-now@2.1.0
76 silly currentTree   +-- pify@2.3.0
76 silly currentTree   +-- pinkie-promise@2.0.1
76 silly currentTree   +-- pinkie@2.0.4
76 silly currentTree   +-- process-nextick-args@1.0.7
76 silly currentTree   +-- punycode@1.4.1
76 silly currentTree   +-- qs@6.5.1
76 silly currentTree   +-- read-pkg-up@1.0.1
76 silly currentTree   +-- read-pkg@1.1.0
76 silly currentTree   +-- readable-stream@2.3.3
76 silly currentTree   | +-- isarray@1.0.0
76 silly currentTree   | `-- string_decoder@1.0.3
76 silly currentTree   +-- rechoir@0.6.2
76 silly currentTree   +-- redeyed@1.0.1
76 silly currentTree   | `-- esprima@3.0.0
76 silly currentTree   +-- request@2.82.0
76 silly currentTree   +-- require-directory@2.1.1
76 silly currentTree   +-- require-main-filename@1.0.1
76 silly currentTree   +-- resolve@1.4.0
76 silly currentTree   +-- rimraf@2.6.2
76 silly currentTree   +-- safe-buffer@5.1.1
76 silly currentTree   +-- safe-eval@0.3.0
76 silly currentTree   +-- semver@5.4.1
76 silly currentTree   +-- set-blocking@2.0.0
76 silly currentTree   +-- setimmediate@1.0.5
76 silly currentTree   +-- shelljs@0.7.8
76 silly currentTree   +-- sntp@2.0.2
76 silly currentTree   +-- source-map@0.5.7
76 silly currentTree   +-- spdx-correct@1.0.2
76 silly currentTree   +-- spdx-expression-parse@1.0.4
76 silly currentTree   +-- spdx-license-ids@1.2.2
76 silly currentTree   +-- sshpk@1.13.1
76 silly currentTree   +-- static-eval@0.2.3
76 silly currentTree   | +-- escodegen@0.0.28
76 silly currentTree   | +-- esprima@1.0.4
76 silly currentTree   | `-- estraverse@1.3.2
76 silly currentTree   +-- streamsink@1.2.0
76 silly currentTree   +-- string_decoder@0.10.31
76 silly currentTree   +-- string-width@1.0.2
76 silly currentTree   +-- string.prototype.repeat@0.2.0
76 silly currentTree   +-- stringstream@0.0.5
76 silly currentTree   +-- strip-ansi@3.0.1
76 silly currentTree   +-- strip-bom@3.0.0
76 silly currentTree   +-- supports-color@2.0.0
76 silly currentTree   +-- tar.gz2@1.0.0
76 silly currentTree   +-- tar@2.2.1
76 silly currentTree   +-- tmp@0.0.31
76 silly currentTree   +-- tough-cookie@2.3.3
76 silly currentTree   +-- traverse@0.3.9
76 silly currentTree   +-- tunnel-agent@0.6.0
76 silly currentTree   +-- tweetnacl@0.14.5
76 silly currentTree   +-- underscore@1.7.0
76 silly currentTree   +-- unzipper@0.8.9
76 silly currentTree   | +-- bluebird@3.4.7
76 silly currentTree   | +-- isarray@1.0.0
76 silly currentTree   | `-- readable-stream@2.1.5
76 silly currentTree   +-- urijs@1.18.12
76 silly currentTree   +-- util-deprecate@1.0.2
76 silly currentTree   +-- uuid@3.1.0
76 silly currentTree   +-- validate-npm-package-license@3.0.1
76 silly currentTree   +-- verror@1.10.0
76 silly currentTree   +-- vscode-jsonrpc@3.4.0
76 silly currentTree   +-- which-module@1.0.0
76 silly currentTree   +-- wrap-ansi@2.1.0
76 silly currentTree   +-- wrappy@1.0.2
76 silly currentTree   +-- xregexp@2.0.0
76 silly currentTree   +-- y18n@3.2.1
76 silly currentTree   +-- yaml-ast-parser@0.0.34
76 silly currentTree   +-- yargs-parser@4.2.1
76 silly currentTree   +-- yargs@6.6.0
76 silly currentTree   `-- yauzl@2.8.0
77 silly idealTree npm
77 silly idealTree `-- autorest@2.0.4166
78 silly generateActionsToTake Starting
79 silly install generateActionsToTake
80 silly generateActionsToTake Finishing
81 silly diffTrees action count 211
82 silly diffTrees remove ansi-regex@2.1.1
83 silly diffTrees remove ansi-styles@2.2.1
84 silly diffTrees remove ansicolors@0.2.1
85 silly diffTrees remove asn1@0.2.3
86 silly diffTrees remove assert-plus@1.0.0
87 silly diffTrees remove asynckit@0.4.0
88 silly diffTrees remove aws-sign2@0.7.0
89 silly diffTrees remove aws4@1.6.0
90 silly diffTrees remove balanced-match@1.0.0
91 silly diffTrees remove big-integer@1.6.25
92 silly diffTrees remove bluebird@2.11.0
93 silly diffTrees remove buffer-crc32@0.2.13
94 silly diffTrees remove buffer-indexof-polyfill@1.0.1
95 silly diffTrees remove buffer-shims@1.0.0
96 silly diffTrees remove buffers@0.1.1
97 silly diffTrees remove builtin-modules@1.1.1
98 silly diffTrees remove camelcase@3.0.0
99 silly diffTrees remove caseless@0.12.0
100 silly diffTrees remove cjson@0.2.1
101 silly diffTrees remove colors@1.0.3
102 silly diffTrees remove cli-table@0.3.1
103 silly diffTrees remove co@4.6.0
104 silly diffTrees remove code-point-at@1.1.0
105 silly diffTrees remove colors@0.5.1
106 silly diffTrees remove commander@2.11.0
107 silly diffTrees remove concat-map@0.0.1
108 silly diffTrees remove brace-expansion@1.1.8
109 silly diffTrees remove core-util-is@1.0.2
110 silly diffTrees remove dashdash@1.14.1
111 silly diffTrees remove data-uri-to-buffer@1.2.0
112 silly diffTrees remove decamelize@1.2.0
113 silly diffTrees remove delayed-stream@1.0.0
114 silly diffTrees remove combined-stream@1.0.5
115 silly diffTrees remove ebnf-parser@0.1.10
116 silly diffTrees remove entities@1.1.1
117 silly diffTrees remove escape-string-regexp@1.0.5
118 silly diffTrees remove esprima@1.0.4
119 silly diffTrees remove esprima@1.2.2
120 silly diffTrees remove estraverse@0.0.4
121 silly diffTrees remove extend@3.0.1
122 silly diffTrees remove extsprintf@1.3.0
123 silly diffTrees remove fast-deep-equal@1.0.0
124 silly diffTrees remove file-uri-to-path@1.0.0
125 silly diffTrees remove forever-agent@0.6.1
126 silly diffTrees remove fs.realpath@1.0.0
127 silly diffTrees remove get-caller-file@1.0.2
128 silly diffTrees remove getpass@0.1.7
129 silly diffTrees remove graceful-fs@4.1.11
130 silly diffTrees remove har-schema@2.0.0
131 silly diffTrees remove has-ansi@2.0.0
132 silly diffTrees remove hoek@4.2.0
133 silly diffTrees remove boom@4.3.1
134 silly diffTrees remove boom@5.2.0
135 silly diffTrees remove cryptiles@3.1.2
136 silly diffTrees remove hosted-git-info@2.5.0
137 silly diffTrees remove inherits@2.0.3
138 silly diffTrees remove block-stream@0.0.9
139 silly diffTrees remove interpret@1.0.4
140 silly diffTrees remove invert-kv@1.0.0
141 silly diffTrees remove is-arrayish@0.2.1
142 silly diffTrees remove error-ex@1.3.1
143 silly diffTrees remove is-builtin-module@1.0.0
144 silly diffTrees remove is-typedarray@1.0.0
145 silly diffTrees remove is-utf8@0.2.1
146 silly diffTrees remove isarray@0.0.1
147 silly diffTrees remove isstream@0.1.2
148 silly diffTrees remove esprima@1.0.4
149 silly diffTrees remove jsbn@0.1.1
150 silly diffTrees remove ecc-jsbn@0.1.1
151 silly diffTrees remove json-schema@0.2.3
152 silly diffTrees remove json-schema-traverse@0.3.1
153 silly diffTrees remove json-stringify-safe@5.0.1
154 silly diffTrees remove jsonify@0.0.0
155 silly diffTrees remove json-stable-stringify@1.0.1
156 silly diffTrees remove ajv@5.2.2
157 silly diffTrees remove har-validator@5.0.3
158 silly diffTrees remove JSONSelect@0.4.0
159 silly diffTrees remove lcid@1.0.0
160 silly diffTrees remove lex-parser@0.1.4
161 silly diffTrees remove listenercount@1.0.1
162 silly diffTrees remove strip-bom@2.0.0
163 silly diffTrees remove lodash.assign@4.2.0
164 silly diffTrees remove lodash.toarray@4.4.0
165 silly diffTrees remove mdurl@1.0.1
166 silly diffTrees remove mime-db@1.30.0
167 silly diffTrees remove mime-types@2.1.17
168 silly diffTrees remove form-data@2.3.1
169 silly diffTrees remove minimatch@3.0.4
170 silly diffTrees remove minimist@1.2.0
171 silly diffTrees remove minimist@0.0.8
172 silly diffTrees remove mkdirp@0.5.1
173 silly diffTrees remove mocha-lcov-reporter@1.3.0
174 silly diffTrees remove mout@0.11.1
175 silly diffTrees remove ms@2.0.0
176 silly diffTrees remove debug@2.6.8
177 silly diffTrees remove node-emoji@1.8.1
178 silly diffTrees remove underscore@1.1.7
179 silly diffTrees remove nomnom@1.5.2
180 silly diffTrees remove jison-lex@0.2.1
181 silly diffTrees remove number-is-nan@1.0.1
182 silly diffTrees remove is-fullwidth-code-point@1.0.0
183 silly diffTrees remove oauth-sign@0.8.2
184 silly diffTrees remove os-locale@1.4.0
185 silly diffTrees remove os-tmpdir@1.0.2
186 silly diffTrees remove parse-json@2.2.0
187 silly diffTrees remove path-is-absolute@1.0.1
188 silly diffTrees remove path-parse@1.0.5
189 silly diffTrees remove pend@1.2.0
190 silly diffTrees remove fd-slicer@1.0.1
191 silly diffTrees remove performance-now@2.1.0
192 silly diffTrees remove pify@2.3.0
193 silly diffTrees remove pinkie@2.0.4
194 silly diffTrees remove pinkie-promise@2.0.1
195 silly diffTrees remove load-json-file@1.1.0
196 silly diffTrees remove path-exists@2.1.0
197 silly diffTrees remove find-up@1.1.2
198 silly diffTrees remove path-type@1.1.0
199 silly diffTrees remove process-nextick-args@1.0.7
200 silly diffTrees remove punycode@1.4.1
201 silly diffTrees remove qs@6.5.1
202 silly diffTrees remove isarray@1.0.0
203 silly diffTrees remove esprima@3.0.0
204 silly diffTrees remove redeyed@1.0.1
205 silly diffTrees remove cardinal@1.0.0
206 silly diffTrees remove require-directory@2.1.1
207 silly diffTrees remove require-main-filename@1.0.1
208 silly diffTrees remove resolve@1.4.0
209 silly diffTrees remove rechoir@0.6.2
210 silly diffTrees remove safe-buffer@5.1.1
211 silly diffTrees remove string_decoder@1.0.3
212 silly diffTrees remove semver@5.4.1
213 silly diffTrees remove set-blocking@2.0.0
214 silly diffTrees remove setimmediate@1.0.5
215 silly diffTrees remove sntp@2.0.2
216 silly diffTrees remove hawk@6.0.2
217 silly diffTrees remove source-map@0.5.7
218 silly diffTrees remove escodegen@0.0.21
219 silly diffTrees remove jison@0.4.13
220 silly diffTrees remove spdx-expression-parse@1.0.4
221 silly diffTrees remove spdx-license-ids@1.2.2
222 silly diffTrees remove spdx-correct@1.0.2
223 silly diffTrees remove esprima@1.0.4
224 silly diffTrees remove estraverse@1.3.2
225 silly diffTrees remove escodegen@0.0.28
226 silly diffTrees remove static-eval@0.2.3
227 silly diffTrees remove string_decoder@0.10.31
228 silly diffTrees remove readable-stream@1.1.14
229 silly diffTrees remove string.prototype.repeat@0.2.0
230 silly diffTrees remove stringstream@0.0.5
231 silly diffTrees remove strip-ansi@3.0.1
232 silly diffTrees remove string-width@1.0.2
233 silly diffTrees remove supports-color@2.0.0
234 silly diffTrees remove chalk@1.1.3
235 silly diffTrees remove tough-cookie@2.3.3
236 silly diffTrees remove traverse@0.3.9
237 silly diffTrees remove chainsaw@0.1.0
238 silly diffTrees remove binary@0.3.0
239 silly diffTrees remove tunnel-agent@0.6.0
240 silly diffTrees remove tweetnacl@0.14.5
241 silly diffTrees remove bcrypt-pbkdf@1.0.1
242 silly diffTrees remove sshpk@1.13.1
243 silly diffTrees remove underscore@1.7.0
244 silly diffTrees remove bluebird@3.4.7
245 silly diffTrees remove isarray@1.0.0
246 silly diffTrees remove util-deprecate@1.0.2
247 silly diffTrees remove readable-stream@2.3.3
248 silly diffTrees remove duplexer2@0.1.4
249 silly diffTrees remove readable-stream@2.1.5
250 silly diffTrees remove uuid@3.1.0
251 silly diffTrees remove validate-npm-package-license@3.0.1
252 silly diffTrees remove normalize-package-data@2.4.0
253 silly diffTrees remove read-pkg@1.1.0
254 silly diffTrees remove read-pkg-up@1.0.1
255 silly diffTrees remove verror@1.10.0
256 silly diffTrees remove jsprim@1.4.1
257 silly diffTrees remove http-signature@1.2.0
258 silly diffTrees remove which-module@1.0.0
259 silly diffTrees remove wrap-ansi@2.1.0
260 silly diffTrees remove cliui@3.2.0
261 silly diffTrees remove wrappy@1.0.2
262 silly diffTrees remove once@1.4.0
263 silly diffTrees remove inflight@1.0.6
264 silly diffTrees remove glob@7.1.2
265 silly diffTrees remove rimraf@2.6.2
266 silly diffTrees remove fstream@1.0.11
267 silly diffTrees remove tar@2.2.1
268 silly diffTrees remove xregexp@2.0.0
269 silly diffTrees remove ftp@0.3.10
270 silly diffTrees remove y18n@3.2.1
271 silly diffTrees remove yargs-parser@4.2.1
272 silly diffTrees remove commonmark@0.27.0
273 silly diffTrees remove file-url@2.0.2
274 silly diffTrees remove get-uri@2.0.1
275 silly diffTrees remove jsonpath@0.2.12
276 silly diffTrees remove linq-es2015@2.4.29
277 silly diffTrees remove marked@0.3.6
278 silly diffTrees remove marked-terminal@2.0.0
279 silly diffTrees remove request@2.82.0
280 silly diffTrees remove safe-eval@0.3.0
281 silly diffTrees remove shelljs@0.7.8
282 silly diffTrees remove streamsink@1.2.0
283 silly diffTrees remove strip-bom@3.0.0
284 silly diffTrees remove tar.gz2@1.0.0
285 silly diffTrees remove tmp@0.0.31
286 silly diffTrees remove unzipper@0.8.9
287 silly diffTrees remove urijs@1.18.12
288 silly diffTrees remove vscode-jsonrpc@3.4.0
289 silly diffTrees remove yaml-ast-parser@0.0.34
290 silly diffTrees remove yargs@6.6.0
291 silly diffTrees remove yauzl@2.8.0
292 silly diffTrees update autorest@2.0.4166
293 silly decomposeActions action count 219
294 silly decomposeActions remove ansi-regex@2.1.1
295 silly decomposeActions remove ansi-styles@2.2.1
296 silly decomposeActions remove ansicolors@0.2.1
297 silly decomposeActions remove asn1@0.2.3
298 silly decomposeActions remove assert-plus@1.0.0
299 silly decomposeActions remove asynckit@0.4.0
300 silly decomposeActions remove aws-sign2@0.7.0
301 silly decomposeActions remove aws4@1.6.0
302 silly decomposeActions remove balanced-match@1.0.0
303 silly decomposeActions remove big-integer@1.6.25
304 silly decomposeActions remove bluebird@2.11.0
305 silly decomposeActions remove buffer-crc32@0.2.13
306 silly decomposeActions remove buffer-indexof-polyfill@1.0.1
307 silly decomposeActions remove buffer-shims@1.0.0
308 silly decomposeActions remove buffers@0.1.1
309 silly decomposeActions remove builtin-modules@1.1.1
310 silly decomposeActions remove camelcase@3.0.0
311 silly decomposeActions remove caseless@0.12.0
312 silly decomposeActions remove cjson@0.2.1
313 silly decomposeActions remove colors@1.0.3
314 silly decomposeActions remove cli-table@0.3.1
315 silly decomposeActions remove co@4.6.0
316 silly decomposeActions remove code-point-at@1.1.0
317 silly decomposeActions remove colors@0.5.1
318 silly decomposeActions remove commander@2.11.0
319 silly decomposeActions remove concat-map@0.0.1
320 silly decomposeActions remove brace-expansion@1.1.8
321 silly decomposeActions remove core-util-is@1.0.2
322 silly decomposeActions remove dashdash@1.14.1
323 silly decomposeActions remove data-uri-to-buffer@1.2.0
324 silly decomposeActions remove decamelize@1.2.0
325 silly decomposeActions remove delayed-stream@1.0.0
326 silly decomposeActions remove combined-stream@1.0.5
327 silly decomposeActions remove ebnf-parser@0.1.10
328 silly decomposeActions remove entities@1.1.1
329 silly decomposeActions remove escape-string-regexp@1.0.5
330 silly decomposeActions remove esprima@1.0.4
331 silly decomposeActions remove esprima@1.2.2
332 silly decomposeActions remove estraverse@0.0.4
333 silly decomposeActions remove extend@3.0.1
334 silly decomposeActions remove extsprintf@1.3.0
335 silly decomposeActions remove fast-deep-equal@1.0.0
336 silly decomposeActions remove file-uri-to-path@1.0.0
337 silly decomposeActions remove forever-agent@0.6.1
338 silly decomposeActions remove fs.realpath@1.0.0
339 silly decomposeActions remove get-caller-file@1.0.2
340 silly decomposeActions remove getpass@0.1.7
341 silly decomposeActions remove graceful-fs@4.1.11
342 silly decomposeActions remove har-schema@2.0.0
343 silly decomposeActions remove has-ansi@2.0.0
344 silly decomposeActions remove hoek@4.2.0
345 silly decomposeActions remove boom@4.3.1
346 silly decomposeActions remove boom@5.2.0
347 silly decomposeActions remove cryptiles@3.1.2
348 silly decomposeActions remove hosted-git-info@2.5.0
349 silly decomposeActions remove inherits@2.0.3
350 silly decomposeActions remove block-stream@0.0.9
351 silly decomposeActions remove interpret@1.0.4
352 silly decomposeActions remove invert-kv@1.0.0
353 silly decomposeActions remove is-arrayish@0.2.1
354 silly decomposeActions remove error-ex@1.3.1
355 silly decomposeActions remove is-builtin-module@1.0.0
356 silly decomposeActions remove is-typedarray@1.0.0
357 silly decomposeActions remove is-utf8@0.2.1
358 silly decomposeActions remove isarray@0.0.1
359 silly decomposeActions remove isstream@0.1.2
360 silly decomposeActions remove esprima@1.0.4
361 silly decomposeActions remove jsbn@0.1.1
362 silly decomposeActions remove ecc-jsbn@0.1.1
363 silly decomposeActions remove json-schema@0.2.3
364 silly decomposeActions remove json-schema-traverse@0.3.1
365 silly decomposeActions remove json-stringify-safe@5.0.1
366 silly decomposeActions remove jsonify@0.0.0
367 silly decomposeActions remove json-stable-stringify@1.0.1
368 silly decomposeActions remove ajv@5.2.2
369 silly decomposeActions remove har-validator@5.0.3
370 silly decomposeActions remove JSONSelect@0.4.0
371 silly decomposeActions remove lcid@1.0.0
372 silly decomposeActions remove lex-parser@0.1.4
373 silly decomposeActions remove listenercount@1.0.1
374 silly decomposeActions remove strip-bom@2.0.0
375 silly decomposeActions remove lodash.assign@4.2.0
376 silly decomposeActions remove lodash.toarray@4.4.0
377 silly decomposeActions remove mdurl@1.0.1
378 silly decomposeActions remove mime-db@1.30.0
379 silly decomposeActions remove mime-types@2.1.17
380 silly decomposeActions remove form-data@2.3.1
381 silly decomposeActions remove minimatch@3.0.4
382 silly decomposeActions remove minimist@1.2.0
383 silly decomposeActions remove minimist@0.0.8
384 silly decomposeActions remove mkdirp@0.5.1
385 silly decomposeActions remove mocha-lcov-reporter@1.3.0
386 silly decomposeActions remove mout@0.11.1
387 silly decomposeActions remove ms@2.0.0
388 silly decomposeActions remove debug@2.6.8
389 silly decomposeActions remove node-emoji@1.8.1
390 silly decomposeActions remove underscore@1.1.7
391 silly decomposeActions remove nomnom@1.5.2
392 silly decomposeActions remove jison-lex@0.2.1
393 silly decomposeActions remove number-is-nan@1.0.1
394 silly decomposeActions remove is-fullwidth-code-point@1.0.0
395 silly decomposeActions remove oauth-sign@0.8.2
396 silly decomposeActions remove os-locale@1.4.0
397 silly decomposeActions remove os-tmpdir@1.0.2
398 silly decomposeActions remove parse-json@2.2.0
399 silly decomposeActions remove path-is-absolute@1.0.1
400 silly decomposeActions remove path-parse@1.0.5
401 silly decomposeActions remove pend@1.2.0
402 silly decomposeActions remove fd-slicer@1.0.1
403 silly decomposeActions remove performance-now@2.1.0
404 silly decomposeActions remove pify@2.3.0
405 silly decomposeActions remove pinkie@2.0.4
406 silly decomposeActions remove pinkie-promise@2.0.1
407 silly decomposeActions remove load-json-file@1.1.0
408 silly decomposeActions remove path-exists@2.1.0
409 silly decomposeActions remove find-up@1.1.2
410 silly decomposeActions remove path-type@1.1.0
411 silly decomposeActions remove process-nextick-args@1.0.7
412 silly decomposeActions remove punycode@1.4.1
413 silly decomposeActions remove qs@6.5.1
414 silly decomposeActions remove isarray@1.0.0
415 silly decomposeActions remove esprima@3.0.0
416 silly decomposeActions remove redeyed@1.0.1
417 silly decomposeActions remove cardinal@1.0.0
418 silly decomposeActions remove require-directory@2.1.1
419 silly decomposeActions remove require-main-filename@1.0.1
420 silly decomposeActions remove resolve@1.4.0
421 silly decomposeActions remove rechoir@0.6.2
422 silly decomposeActions remove safe-buffer@5.1.1
423 silly decomposeActions remove string_decoder@1.0.3
424 silly decomposeActions remove semver@5.4.1
425 silly decomposeActions remove set-blocking@2.0.0
426 silly decomposeActions remove setimmediate@1.0.5
427 silly decomposeActions remove sntp@2.0.2
428 silly decomposeActions remove hawk@6.0.2
429 silly decomposeActions remove source-map@0.5.7
430 silly decomposeActions remove escodegen@0.0.21
431 silly decomposeActions remove jison@0.4.13
432 silly decomposeActions remove spdx-expression-parse@1.0.4
433 silly decomposeActions remove spdx-license-ids@1.2.2
434 silly decomposeActions remove spdx-correct@1.0.2
435 silly decomposeActions remove esprima@1.0.4
436 silly decomposeActions remove estraverse@1.3.2
437 silly decomposeActions remove escodegen@0.0.28
438 silly decomposeActions remove static-eval@0.2.3
439 silly decomposeActions remove string_decoder@0.10.31
440 silly decomposeActions remove readable-stream@1.1.14
441 silly decomposeActions remove string.prototype.repeat@0.2.0
442 silly decomposeActions remove stringstream@0.0.5
443 silly decomposeActions remove strip-ansi@3.0.1
444 silly decomposeActions remove string-width@1.0.2
445 silly decomposeActions remove supports-color@2.0.0
446 silly decomposeActions remove chalk@1.1.3
447 silly decomposeActions remove tough-cookie@2.3.3
448 silly decomposeActions remove traverse@0.3.9
449 silly decomposeActions remove chainsaw@0.1.0
450 silly decomposeActions remove binary@0.3.0
451 silly decomposeActions remove tunnel-agent@0.6.0
452 silly decomposeActions remove tweetnacl@0.14.5
453 silly decomposeActions remove bcrypt-pbkdf@1.0.1
454 silly decomposeActions remove sshpk@1.13.1
455 silly decomposeActions remove underscore@1.7.0
456 silly decomposeActions remove bluebird@3.4.7
457 silly decomposeActions remove isarray@1.0.0
458 silly decomposeActions remove util-deprecate@1.0.2
459 silly decomposeActions remove readable-stream@2.3.3
460 silly decomposeActions remove duplexer2@0.1.4
461 silly decomposeActions remove readable-stream@2.1.5
462 silly decomposeActions remove uuid@3.1.0
463 silly decomposeActions remove validate-npm-package-license@3.0.1
464 silly decomposeActions remove normalize-package-data@2.4.0
465 silly decomposeActions remove read-pkg@1.1.0
466 silly decomposeActions remove read-pkg-up@1.0.1
467 silly decomposeActions remove verror@1.10.0
468 silly decomposeActions remove jsprim@1.4.1
469 silly decomposeActions remove http-signature@1.2.0
470 silly decomposeActions remove which-module@1.0.0
471 silly decomposeActions remove wrap-ansi@2.1.0
472 silly decomposeActions remove cliui@3.2.0
473 silly decomposeActions remove wrappy@1.0.2
474 silly decomposeActions remove once@1.4.0
475 silly decomposeActions remove inflight@1.0.6
476 silly decomposeActions remove glob@7.1.2
477 silly decomposeActions remove rimraf@2.6.2
478 silly decomposeActions remove fstream@1.0.11
479 silly decomposeActions remove tar@2.2.1
480 silly decomposeActions remove xregexp@2.0.0
481 silly decomposeActions remove ftp@0.3.10
482 silly decomposeActions remove y18n@3.2.1
483 silly decomposeActions remove yargs-parser@4.2.1
484 silly decomposeActions remove commonmark@0.27.0
485 silly decomposeActions remove file-url@2.0.2
486 silly decomposeActions remove get-uri@2.0.1
487 silly decomposeActions remove jsonpath@0.2.12
488 silly decomposeActions remove linq-es2015@2.4.29
489 silly decomposeActions remove marked@0.3.6
490 silly decomposeActions remove marked-terminal@2.0.0
491 silly decomposeActions remove request@2.82.0
492 silly decomposeActions remove safe-eval@0.3.0
493 silly decomposeActions remove shelljs@0.7.8
494 silly decomposeActions remove streamsink@1.2.0
495 silly decomposeActions remove strip-bom@3.0.0
496 silly decomposeActions remove tar.gz2@1.0.0
497 silly decomposeActions remove tmp@0.0.31
498 silly decomposeActions remove unzipper@0.8.9
499 silly decomposeActions remove urijs@1.18.12
500 silly decomposeActions remove vscode-jsonrpc@3.4.0
501 silly decomposeActions remove yaml-ast-parser@0.0.34
502 silly decomposeActions remove yargs@6.6.0
503 silly decomposeActions remove yauzl@2.8.0
504 silly decomposeActions remove autorest@2.0.4166
505 silly decomposeActions fetch autorest@2.0.4166
506 silly decomposeActions extract autorest@2.0.4166
507 silly decomposeActions test autorest@2.0.4166
508 silly decomposeActions preinstall autorest@2.0.4166
509 silly decomposeActions build autorest@2.0.4166
510 silly decomposeActions install autorest@2.0.4166
511 silly decomposeActions postinstall autorest@2.0.4166
512 silly decomposeActions finalize autorest@2.0.4166
513 silly runTopLevelLifecycles Starting
514 silly executeActions Starting
515 silly install executeActions
516 silly doSerial global-install 0
517 silly doParallel fetch 1
518 verbose correctMkdir C:\Users\taiwu\AppData\Roaming\npm-cache\_locks correctMkdir not in flight; initializing
519 verbose lock using C:\Users\taiwu\AppData\Roaming\npm-cache\_locks\staging-47b85d954429d053.lock for C:\Users\taiwu\AppData\Roaming\npm\node_modules\.staging
520 silly doParallel extract 1
521 silly extract autorest@2.0.4166
522 verbose unbuild node_modules\.staging\autorest-f96ac996
523 silly gentlyRm C:\Users\taiwu\AppData\Roaming\npm\node_modules\.staging\autorest-f96ac996 is being purged from base C:\Users\taiwu\AppData\Roaming\npm
524 verbose gentlyRm don't care about contents; nuking C:\Users\taiwu\AppData\Roaming\npm\node_modules\.staging\autorest-f96ac996
525 verbose tar unpack C:\Users\taiwu\AppData\Roaming\npm-cache\autorest\2.0.4166\package.tgz
526 verbose tar unpacking to C:\Users\taiwu\AppData\Roaming\npm\node_modules\.staging\autorest-f96ac996
527 silly gentlyRm C:\Users\taiwu\AppData\Roaming\npm\node_modules\.staging\autorest-f96ac996 is being purged
528 verbose gentlyRm don't care about contents; nuking C:\Users\taiwu\AppData\Roaming\npm\node_modules\.staging\autorest-f96ac996
529 silly gunzTarPerm modes [ '777', '666' ]
530 silly gunzTarPerm extractEntry package.json
531 silly gunzTarPerm extractEntry preinstall-check.js
532 silly gunzTarPerm extractEntry readme.md
533 silly gunzTarPerm extractEntry dist/app.d.ts
534 silly gunzTarPerm extractEntry dist/app.js
535 silly gunzTarPerm extractEntry dist/autorest-as-a-service.d.ts
536 silly gunzTarPerm extractEntry dist/autorest-as-a-service.js
537 silly gunzTarPerm extractEntry dist/fs-monkey/correctPath.js
538 silly gunzTarPerm extractEntry dist/fs-monkey/demo/fs-1.js
539 silly gunzTarPerm extractEntry dist/fs-monkey/demo/require-1.js
540 silly gunzTarPerm extractEntry dist/fs-monkey/demo/require-2.js
541 silly gunzTarPerm extractEntry dist/fs-monkey/demo/yolo-1.js
542 silly gunzTarPerm extractEntry dist/fs-monkey/index.js
543 silly gunzTarPerm extractEntry dist/fs-monkey/lib/correctPath.js
544 silly gunzTarPerm extractEntry dist/fs-monkey/lib/demo/fs-1.js
545 silly gunzTarPerm extractEntry dist/fs-monkey/lib/demo/require-1.js
546 silly gunzTarPerm extractEntry dist/fs-monkey/lib/demo/require-2.js
547 silly gunzTarPerm extractEntry dist/fs-monkey/lib/demo/yolo-1.js
548 silly gunzTarPerm extractEntry dist/fs-monkey/lib/index.js
549 silly gunzTarPerm extractEntry dist/fs-monkey/lib/patchFs.js
550 silly gunzTarPerm extractEntry dist/fs-monkey/lib/patchFs.test.js
551 silly gunzTarPerm extractEntry dist/fs-monkey/lib/patchRequire.js
552 silly gunzTarPerm extractEntry dist/fs-monkey/lib/util/lists.js
553 silly gunzTarPerm extractEntry dist/fs-monkey/patchFs.js
554 silly gunzTarPerm extractEntry dist/fs-monkey/patchFs.test.js
555 silly gunzTarPerm extractEntry dist/fs-monkey/patchRequire.js
556 silly gunzTarPerm extractEntry dist/fs-monkey/util/lists.js
557 silly gunzTarPerm extractEntry dist/lib/core/app.d.ts
558 silly gunzTarPerm extractEntry dist/lib/core/legacyCli.d.ts
559 silly gunzTarPerm extractEntry dist/lib/core/lib/artifact.d.ts
560 silly gunzTarPerm extractEntry dist/lib/core/lib/autorest-core.d.ts
561 silly gunzTarPerm extractEntry dist/lib/core/lib/configuration.d.ts
562 silly gunzTarPerm extractEntry dist/lib/core/lib/constants.d.ts
563 silly gunzTarPerm extractEntry dist/lib/core/lib/data-store/data-store.d.ts
564 silly gunzTarPerm extractEntry dist/lib/core/lib/document-type.d.ts
565 silly gunzTarPerm extractEntry dist/lib/core/lib/events.d.ts
566 silly gunzTarPerm extractEntry dist/lib/core/lib/exception.d.ts
567 silly gunzTarPerm extractEntry dist/lib/core/lib/file-system.d.ts
568 silly gunzTarPerm extractEntry dist/lib/core/lib/lazy.d.ts
569 silly gunzTarPerm extractEntry dist/lib/core/lib/message.d.ts
570 silly gunzTarPerm extractEntry dist/lib/core/lib/outstanding-task-awaiter.d.ts
571 silly gunzTarPerm extractEntry dist/lib/core/lib/parsing/literate-yaml.d.ts
572 silly gunzTarPerm extractEntry dist/lib/core/lib/parsing/literate.d.ts
573 silly gunzTarPerm extractEntry dist/lib/core/lib/parsing/stable-object.d.ts
574 silly gunzTarPerm extractEntry dist/lib/core/lib/parsing/text-utility.d.ts
575 silly gunzTarPerm extractEntry dist/lib/core/lib/parsing/yaml.d.ts
576 silly gunzTarPerm extractEntry dist/lib/core/lib/pipeline/artifact-emitter.d.ts
577 silly gunzTarPerm extractEntry dist/lib/core/lib/pipeline/commonmark-documentation.d.ts
578 silly gunzTarPerm extractEntry dist/lib/core/lib/pipeline/manipulation.d.ts
579 silly gunzTarPerm extractEntry dist/lib/core/lib/pipeline/object-manipulator.d.ts
580 silly gunzTarPerm extractEntry dist/lib/core/lib/pipeline/pipeline.d.ts
581 silly gunzTarPerm extractEntry dist/lib/core/lib/pipeline/plugin-api.d.ts
582 silly gunzTarPerm extractEntry dist/lib/core/lib/pipeline/plugin-endpoint.d.ts
583 silly gunzTarPerm extractEntry dist/lib/core/lib/pipeline/plugins/openapi-validation-tools.d.ts
584 silly gunzTarPerm extractEntry dist/lib/core/lib/pipeline/suppression.d.ts
585 silly gunzTarPerm extractEntry dist/lib/core/lib/pipeline/swagger-loader.d.ts
586 silly gunzTarPerm extractEntry dist/lib/core/lib/ref/async.d.ts
587 silly gunzTarPerm extractEntry dist/lib/core/lib/ref/cancellation.d.ts
588 silly gunzTarPerm extractEntry dist/lib/core/lib/ref/commonmark.d.ts
589 silly gunzTarPerm extractEntry dist/lib/core/lib/ref/jsonpath.d.ts
590 silly gunzTarPerm extractEntry dist/lib/core/lib/ref/jsonrpc.d.ts
591 silly gunzTarPerm extractEntry dist/lib/core/lib/ref/linq.d.ts
592 silly gunzTarPerm extractEntry dist/lib/core/lib/ref/safe-eval.d.ts
593 silly gunzTarPerm extractEntry dist/lib/core/lib/ref/source-map.d.ts
594 silly gunzTarPerm extractEntry dist/lib/core/lib/ref/uri.d.ts
595 silly gunzTarPerm extractEntry dist/lib/core/lib/ref/yaml.d.ts
596 silly gunzTarPerm extractEntry dist/lib/core/lib/sleep.d.ts
597 silly gunzTarPerm extractEntry dist/lib/core/lib/source-map/blaming.d.ts
598 silly gunzTarPerm extractEntry dist/lib/core/lib/source-map/merging.d.ts
599 silly gunzTarPerm extractEntry dist/lib/core/lib/source-map/source-map.d.ts
600 silly gunzTarPerm extractEntry dist/lib/core/main.d.ts
601 silly gunzTarPerm extractEntry dist/lib/ref/linq.d.ts
602 silly gunzTarPerm extractEntry dist/lib/ref/linq.js
603 silly gunzTarPerm extractEntry dist/main.d.ts
604 silly gunzTarPerm extractEntry dist/main.js
605 silly gunzTarPerm extractEntry dist/static_modules.fs
606 silly gunzTarPerm extractEntry dist/static-app.d.ts
607 silly gunzTarPerm extractEntry dist/static-app.js
608 silly gunzTarPerm extractEntry dist/static-fs.d.ts
609 silly gunzTarPerm extractEntry dist/static-fs.js
610 silly gunzTarPerm extractEntry dist/static-loader.d.ts
611 silly gunzTarPerm extractEntry dist/static-loader.js
612 silly gunzTarPerm extractEntry dist/test/basic-test.d.ts
613 silly gunzTarPerm extractEntry dist/test/basic-test.js
614 silly gunzTarPerm extractEntry lib/core/app.d.ts
615 silly gunzTarPerm extractEntry lib/core/legacyCli.d.ts
616 silly gunzTarPerm extractEntry lib/core/lib/artifact.d.ts
617 silly gunzTarPerm extractEntry lib/core/lib/autorest-core.d.ts
618 silly gunzTarPerm extractEntry lib/core/lib/configuration.d.ts
619 silly gunzTarPerm extractEntry lib/core/lib/constants.d.ts
620 silly gunzTarPerm extractEntry lib/core/lib/data-store/data-store.d.ts
621 silly gunzTarPerm extractEntry lib/core/lib/document-type.d.ts
622 silly gunzTarPerm extractEntry lib/core/lib/events.d.ts
623 silly gunzTarPerm extractEntry lib/core/lib/exception.d.ts
624 silly gunzTarPerm extractEntry lib/core/lib/file-system.d.ts
625 silly gunzTarPerm extractEntry lib/core/lib/lazy.d.ts
626 silly gunzTarPerm extractEntry lib/core/lib/message.d.ts
627 silly gunzTarPerm extractEntry lib/core/lib/outstanding-task-awaiter.d.ts
628 silly gunzTarPerm extractEntry lib/core/lib/parsing/literate-yaml.d.ts
629 silly gunzTarPerm extractEntry lib/core/lib/parsing/literate.d.ts
630 silly gunzTarPerm extractEntry lib/core/lib/parsing/stable-object.d.ts
631 silly gunzTarPerm extractEntry lib/core/lib/parsing/text-utility.d.ts
632 silly gunzTarPerm extractEntry lib/core/lib/parsing/yaml.d.ts
633 silly gunzTarPerm extractEntry lib/core/lib/pipeline/artifact-emitter.d.ts
634 silly gunzTarPerm extractEntry lib/core/lib/pipeline/commonmark-documentation.d.ts
635 silly gunzTarPerm extractEntry lib/core/lib/pipeline/manipulation.d.ts
636 silly gunzTarPerm extractEntry lib/core/lib/pipeline/object-manipulator.d.ts
637 silly gunzTarPerm extractEntry lib/core/lib/pipeline/pipeline.d.ts
638 silly gunzTarPerm extractEntry lib/core/lib/pipeline/plugin-api.d.ts
639 silly gunzTarPerm extractEntry lib/core/lib/pipeline/plugin-endpoint.d.ts
640 silly gunzTarPerm extractEntry lib/core/lib/pipeline/plugins/openapi-validation-tools.d.ts
641 silly gunzTarPerm extractEntry lib/core/lib/pipeline/suppression.d.ts
642 silly gunzTarPerm extractEntry lib/core/lib/pipeline/swagger-loader.d.ts
643 silly gunzTarPerm extractEntry lib/core/lib/ref/async.d.ts
644 silly gunzTarPerm extractEntry lib/core/lib/ref/cancellation.d.ts
645 silly gunzTarPerm extractEntry lib/core/lib/ref/commonmark.d.ts
646 silly gunzTarPerm extractEntry lib/core/lib/ref/jsonpath.d.ts
647 silly gunzTarPerm extractEntry lib/core/lib/ref/jsonrpc.d.ts
648 silly gunzTarPerm extractEntry lib/core/lib/ref/linq.d.ts
649 silly gunzTarPerm extractEntry lib/core/lib/ref/safe-eval.d.ts
650 silly gunzTarPerm extractEntry lib/core/lib/ref/source-map.d.ts
651 silly gunzTarPerm extractEntry lib/core/lib/ref/uri.d.ts
652 silly gunzTarPerm extractEntry lib/core/lib/ref/yaml.d.ts
653 silly gunzTarPerm extractEntry lib/core/lib/sleep.d.ts
654 silly gunzTarPerm extractEntry lib/core/lib/source-map/blaming.d.ts
655 silly gunzTarPerm extractEntry lib/core/lib/source-map/merging.d.ts
656 silly gunzTarPerm extractEntry lib/core/lib/source-map/source-map.d.ts
657 silly gunzTarPerm extractEntry lib/core/main.d.ts
658 silly gentlyRm C:\Users\taiwu\AppData\Roaming\npm\node_modules\.staging\autorest-f96ac996\node_modules is being purged
659 verbose gentlyRm don't care about contents; nuking C:\Users\taiwu\AppData\Roaming\npm\node_modules\.staging\autorest-f96ac996\node_modules
660 silly doParallel preinstall 1
661 silly preinstall autorest@2.0.4166 C:\Users\taiwu\AppData\Roaming\npm\node_modules\.staging\autorest-f96ac996
662 info lifecycle autorest@2.0.4166~preinstall: autorest@2.0.4166
663 verbose lifecycle autorest@2.0.4166~preinstall: unsafe-perm in lifecycle true
664 verbose lifecycle autorest@2.0.4166~preinstall: PATH: C:\Program Files\nodejs\node_modules\npm\bin\node-gyp-bin;C:\Users\taiwu\AppData\Roaming\npm\node_modules\.staging\autorest-f96ac996\node_modules\.bin;C:\Users\taiwu\AppData\Roaming\npm\node_modules\.bin;C:\ProgramData\Oracle\Java\javapath;C:\oraclexe\app\oracle\product\11.2.0\server\bin;C:\Program Files\Microsoft MPI\Bin\;C:\Program Files (x86)\Intel\iCLS Client\;C:\Program Files\Intel\iCLS Client\;C:\WINDOWS\system32;C:\WINDOWS;C:\WINDOWS\System32\Wbem;C:\WINDOWS\System32\WindowsPowerShell\v1.0\;C:\Program Files (x86)\Intel\Intel(R) Management Engine Components\DAL;C:\Program Files\Intel\Intel(R) Management Engine Components\DAL;C:\Program Files (x86)\Intel\Intel(R) Management Engine Components\IPT;C:\Program Files\Intel\Intel(R) Management Engine Components\IPT;c:\Program Files (x86)\HP\HP Performance Advisor;C:\Program Files\Microsoft SQL Server\120\Tools\Binn\;C:\Program Files\Microsoft\Web Platform Installer\;C:\Program Files (x86)\Microsoft SQL Server\130\Tools\Binn\;C:\Program Files (x86)\Microsoft SQL Server\130\DTS\Binn\;C:\Program Files (x86)\Microsoft SQL Server\Client SDK\ODBC\130\Tools\Binn\;C:\Program Files (x86)\Microsoft SQL;E:\oracle;E:\oracle\bin;C:\Program Files (x86)\Microsoft SQL Server\130\Tools\Binn\ManagementStudio\;c:\oracle_x86;c:\oracle_x86\bin;C:\ProgramData\chocolatey\bin;C:\Program Files (x86)\Microsoft Visual Studio 14.0\Common7\IDE\;C:\Program Files (x86)\Microsoft SQL Server\Client SDK\ODBC\110\Tools\Binn\;C:\Program Files (x86)\Microsoft SQL Server\120\Tools\Binn\;C:\Program Files (x86)\Microsoft SQL Server\120\DTS\Binn\;C:\WINDOWS\system32;C:\WINDOWS;C:\WINDOWS\System32\Wbem;C:\WINDOWS\System32\WindowsPowerShell\v1.0\;C:\Program Files (x86)\Microsoft SQL Server\140\Tools\Binn\;C:\Program Files (x86)\Microsoft SQL Server\140\DTS\Binn\;C:\Program Files (x86)\Microsoft SQL Server\140\Tools\Binn\ManagementStudio\;C:\Program Files\Microsoft Service Fabric\bin\Fabric\Fabric.Code;C:\Program Files\Microsoft SDKs\Service Fabric\Tools\ServiceFabricLocalClusterManager;C:\Program Files\dotnet\;C:\Program Files (x86)\Windows Kits\10\Windows Performance Toolkit\;C:\Program Files\Git\cmd;C:\Program Files\nodejs\;C:\Program Files\Microsoft SQL Server\130\Tools\Binn\;C:\Program Files\PuTTY\;C:\USERS\TAIWU\.DNX\BIN;C:\PROGRAM FILES\MICROSOFT MPI\BIN\;C:\PROGRAMDATA\ORACLE\JAVA\JAVAPATH;C:\PROGRAM FILES (X86)\INTEL\ICLS CLIENT\;C:\PROGRAM FILES\INTEL\ICLS CLIENT\;C:\WINDOWS\SYSTEM32;C:\WINDOWS\SYSTEM32\WBEM;C:\WINDOWS\SYSTEM32\WINDOWSPOWERSHELL\V1.0\;C:\PROGRAM FILES (X86)\INTEL\INTEL(R) MANAGEMENT ENGINE COMPONENTS\DAL;C:\PROGRAM FILES\INTEL\INTEL(R) MANAGEMENT ENGINE COMPONENTS\DAL;C:\PROGRAM FILES (X86)\INTEL\INTEL(R) MANAGEMENT ENGINE COMPONENTS\IPT;C:\PROGRAM FILES\INTEL\INTEL(R) MANAGEMENT ENGINE COMPONENTS\IPT;C:\PROGRAM FILES (X86)\HP\HP PERFORMANCE ADVISOR;C:\PROGRAM FILES\MICROSOFT SQL SERVER\120\TOOLS\BINN\;C:\PROGRAM FILES\MICROSOFT\WEB PLATFORM INSTALLER\;C:\PROGRAM FILES\GIT\CMD;C:\PROGRAM FILES (X86)\MICROSOFT SQL SERVER\130\TOOLS\BINN\;C:\PROGRAM FILES (X86)\MICROSOFT SQL SERVER\130\DTS\BINN\;C:\PROGRAM FILES (X86)\MICROSOFT SQL SERVER\CLIENT SDK\ODBC\130\TOOLS\BINN\;C:\PROGRAM FILES (X86)\MICROSOFT SQL;E:\ORACLE;E:\ORACLE\BIN;C:\PROGRAM FILES (X86)\MICROSOFT VS CODE\BIN;C:\USERS\TAIWU\APPDATA\LOCAL\MICROSOFT\WINDOWSAPPS;C:\USERS\TAIWU\APPDATA\LOCAL\PROGRAMS\FIDDLER;C:\USERS\TAIWU\APPDATA\ROAMING\NPM;C:\USERS\TAIWU\APPDATA\LOCAL\MICROSOFT\VISUALSTUDIO\12.0\EXTENSIONS\5J3VTHZF.2B1\COMMANDLINETOOLS\TFSPORT;C:\USERS\TAIWU\APPDATA\LOCAL\MICROSOFT\VISUALSTUDIO\12.0\EXTENSIONS\5J3VTHZF.2B1\COMMANDLINETOOLS\TFPT;C:\USERS\TAIWU\APPDATA\LOCAL\MICROSOFT\VISUALSTUDIO\12.0\EXTENSIONS\5J3VTHZF.2B1\COMMANDLINETOOLS\SDV;C:\USERS\TAIWU\APPDATA\LOCAL\MICROSOFT\VISUALSTUDIO\12.0\EXTENSIONS\5J3VTHZF.2B1\COMMANDLINETOOLS\DIFFMERGE;C:\PROGRAM FILES (X86)\MICROSOFT VISUAL STUDIO 12.0\COMMON7\IDE;C:\USERS\TAIWU\APPDATA\LOCAL\MICROSOFT\VISUALSTUDIO\12.0\EXTENSIONS\5J3VTHZF.2B1;C:\Users\taiwu\AppData\Local\Microsoft\WindowsApps
665 verbose lifecycle autorest@2.0.4166~preinstall: CWD: C:\Users\taiwu\AppData\Roaming\npm\node_modules\.staging\autorest-f96ac996
666 silly lifecycle autorest@2.0.4166~preinstall: Args: [ '/d /s /c', 'node ./preinstall-check' ]
667 silly lifecycle autorest@2.0.4166~preinstall: Returned: code: 1  signal: null
668 info lifecycle autorest@2.0.4166~preinstall: Failed to exec preinstall script
669 verbose unlock done using C:\Users\taiwu\AppData\Roaming\npm-cache\_locks\staging-47b85d954429d053.lock for C:\Users\taiwu\AppData\Roaming\npm\node_modules\.staging
670 silly rollbackFailedOptional Starting
671 silly rollbackFailedOptional Finishing
672 silly runTopLevelLifecycles Finishing
673 silly install printInstalled
674 verbose stack Error: autorest@2.0.4166 preinstall: `node ./preinstall-check`
674 verbose stack Exit status 1
674 verbose stack     at EventEmitter.<anonymous> (C:\Program Files\nodejs\node_modules\npm\lib\utils\lifecycle.js:255:16)
674 verbose stack     at emitTwo (events.js:106:13)
674 verbose stack     at EventEmitter.emit (events.js:191:7)
674 verbose stack     at ChildProcess.<anonymous> (C:\Program Files\nodejs\node_modules\npm\lib\utils\spawn.js:40:14)
674 verbose stack     at emitTwo (events.js:106:13)
674 verbose stack     at ChildProcess.emit (events.js:191:7)
674 verbose stack     at maybeClose (internal/child_process.js:891:16)
674 verbose stack     at Process.ChildProcess._handle.onexit (internal/child_process.js:226:5)
675 verbose pkgid autorest@2.0.4166
676 verbose cwd E:\src\azure\azure-rest-api\azure-rest-api-specs
677 error Windows_NT 10.0.16299
678 error argv "C:\\Program Files\\nodejs\\node.exe" "C:\\Program Files\\nodejs\\node_modules\\npm\\bin\\npm-cli.js" "install" "autorest" "-g"
679 error node v6.11.2
680 error npm  v3.10.10
681 error code ELIFECYCLE
682 error autorest@2.0.4166 preinstall: `node ./preinstall-check`
682 error Exit status 1
683 error Failed at the autorest@2.0.4166 preinstall script 'node ./preinstall-check'.
683 error Make sure you have the latest version of node.js and npm installed.
683 error If you do, this is most likely a problem with the autorest package,
683 error not with npm itself.
683 error Tell the author that this fails on your system:
683 error     node ./preinstall-check
683 error You can get information on how to open an issue for this project with:
683 error     npm bugs autorest
683 error Or if that isn't available, you can get their info via:
683 error     npm owner ls autorest
683 error There is likely additional logging output above.
684 verbose exit [ 1, true ]
