###Command: D:\Go\src\github.com\Azure\dev\azure-rest-api-specs\specification\apicenter\ApiCenter.Management
tsp compile .
TypeSpec compiler v0.54.0

Diagnostics were reported during compilation:

[33mwarning[39m[90m incompatible-library[39m: Multiple versions of "@azure-tools/typespec-client-generator-core" library were loaded:
  - Version: "0.40.0" installed at "D:/Go/src/github.com/Azure/dev/azure-rest-api-specs/node_modules/@azure-tools/typespec-client-generator-core"
  - Version: "0.41.0-dev.32" installed at "D:/Go/src/github.com/Azure/autorest.go/common/temp/node_modules/.pnpm/@azure-tools+typespec-client-generator-core@0.41.0-dev.32_@typespec+compiler@0.54.0_@typespec_5jpkztdmyjig2fgiyi7y3m7p5m/node_modules/@azure-tools/typespec-client-generator-core"

Found 1 warning.


###Command: D:\Go\src\github.com\Azure\dev\azure-rest-api-specs\specification\azurelargeinstance\AzureLargeInstance.Management
tsp compile .
TypeSpec compiler v0.54.0

Diagnostics were reported during compilation:

[33mwarning[39m[90m incompatible-library[39m: Multiple versions of "@azure-tools/typespec-client-generator-core" library were loaded:
  - Version: "0.40.0" installed at "D:/Go/src/github.com/Azure/dev/azure-rest-api-specs/node_modules/@azure-tools/typespec-client-generator-core"
  - Version: "0.41.0-dev.32" installed at "D:/Go/src/github.com/Azure/autorest.go/common/temp/node_modules/.pnpm/@azure-tools+typespec-client-generator-core@0.41.0-dev.32_@typespec+compiler@0.54.0_@typespec_5jpkztdmyjig2fgiyi7y3m7p5m/node_modules/@azure-tools/typespec-client-generator-core"

Found 1 warning.


###Command: D:\Go\src\github.com\Azure\dev\azure-rest-api-specs\specification\carbon\Carbon.Management
tsp compile .
TypeSpec compiler v0.54.0

Compilation completed successfully.


###Command: D:\Go\src\github.com\Azure\dev\azure-rest-api-specs\specification\codesigning\CodeSigning.Management
tsp compile .
TypeSpec compiler v0.54.0

Compilation completed successfully.


###Command: D:\Go\src\github.com\Azure\dev\azure-rest-api-specs\specification\communitytraining\Community.Management
tsp compile .
TypeSpec compiler v0.54.0

Compilation completed successfully.


###Command: D:\Go\src\github.com\Azure\dev\azure-rest-api-specs\specification\containerstorage\ContainerStorage.Management
tsp compile .
TypeSpec compiler v0.54.0

Compilation completed successfully.


###Command: D:\Go\src\github.com\Azure\dev\azure-rest-api-specs\specification\databasewatcher\DatabaseWatcher.Management
tsp compile .
TypeSpec compiler v0.54.0

Compilation completed successfully.


###Command: D:\Go\src\github.com\Azure\dev\azure-rest-api-specs\specification\devopsinfrastructure\Microsoft.DevOpsInfrastructure
tsp compile .
TypeSpec compiler v0.54.0

Compilation completed successfully.


###Command: D:\Go\src\github.com\Azure\dev\azure-rest-api-specs\specification\edgezones\EdgeZones.Management
tsp compile .
TypeSpec compiler v0.54.0

Compilation completed successfully.


###Command: D:\Go\src\github.com\Azure\dev\azure-rest-api-specs\specification\kubernetesruntime\KubernetesRuntime.Management
tsp compile .
TypeSpec compiler v0.54.0

Compilation completed successfully.


###Command: D:\Go\src\github.com\Azure\dev\azure-rest-api-specs\specification\liftrastronomer\Astronomer.Astro.Management
tsp compile .
TypeSpec compiler v0.54.0

Compilation completed successfully.


###Command: D:\Go\src\github.com\Azure\dev\azure-rest-api-specs\specification\mobilepacketcore\MobilePacketCore.Management
tsp compile .
TypeSpec compiler v0.54.0

Compilation completed successfully.


###Command: D:\Go\src\github.com\Azure\dev\azure-rest-api-specs\specification\mpcnetworkfunction\MpcNetworkFunction.Management
tsp compile .
TypeSpec compiler v0.54.0

Compilation completed successfully.


###Command: D:\Go\src\github.com\Azure\dev\azure-rest-api-specs\specification\networkanalytics\NetworkAnalytics.Management
tsp compile .
TypeSpec compiler v0.54.0

Compilation completed successfully.


###Command: D:\Go\src\github.com\Azure\dev\azure-rest-api-specs\specification\playwrighttesting\PlaywrightTesting.Management
tsp compile .
TypeSpec compiler v0.54.0

Compilation completed successfully.


###Command: D:\Go\src\github.com\Azure\dev\azure-rest-api-specs\specification\servicenetworking\ServiceNetworking.Management
tsp compile .
TypeSpec compiler v0.54.0

Compilation completed successfully.


###Command: D:\Go\src\github.com\Azure\dev\azure-rest-api-specs\specification\sphere\Sphere.Management
tsp compile .
TypeSpec compiler v0.54.0

Compilation completed successfully.


###Command: D:\Go\src\github.com\Azure\dev\azure-rest-api-specs\specification\vmware\Microsoft.AVS
tsp compile .
TypeSpec compiler v0.54.0

Compilation completed successfully.


###Command: D:\Go\src\github.com\Azure\dev\azure-rest-api-specs\specification\workloads\Operations.Management
tsp compile .
TypeSpec compiler v0.54.0

Compilation completed successfully.


###Command: D:\Go\src\github.com\Azure\dev\azure-rest-api-specs\specification\workloads\SAPDiscoverySite.Management
tsp compile .
TypeSpec compiler v0.54.0

Compilation completed successfully.


