TypeSpec compiler v1.12.0

- Compiling...
ΓÜá Compiling
Diagnostics were reported during compilation:

[36mdocs/generated-tsp/MachineLearningServices.Management.v2022_02_01_preview/PrivateEndpointConnection.tsp[39m:[33m19[39m:[33m6[39m - [33mwarning[39m [90m@azure-tools/typespec-azure-core/no-legacy-usage[39m: Referencing elements inside Legacy namespace "Azure.ResourceManager.Legacy" is not allowed.
> 19 |   is Azure.ResourceManager.Legacy.TrackedResourceWithOptionalLocation<PrivateEndpointConnectionProperties> {
     |      ^^^^^^^^^^^^^^^^^^^^^^^^^^^^^^^^^^^^^^^^^^^^^^^^^^^^^^^^^^^^^^^^^^^^^^^^^^^^^^^^^^^^^^^^^^^^^^^^^^^^^
[36mdocs/generated-tsp/MachineLearningServices.Management.v2022_02_01_preview/Workspace.tsp[39m:[33m17[39m:[33m6[39m - [33mwarning[39m [90m@azure-tools/typespec-azure-core/no-legacy-usage[39m: Referencing elements inside Legacy namespace "Azure.ResourceManager.Legacy" is not allowed.
> 17 |   is Azure.ResourceManager.Legacy.TrackedResourceWithOptionalLocation<WorkspaceProperties> {
     |      ^^^^^^^^^^^^^^^^^^^^^^^^^^^^^^^^^^^^^^^^^^^^^^^^^^^^^^^^^^^^^^^^^^^^^^^^^^^^^^^^^^^^^
[36mdocs/generated-tsp/MachineLearningServices.Management.v2022_02_01_preview/models.tsp[39m:[33m3492[39m:[33m3[39m - [33mwarning[39m [90m@azure-tools/typespec-azure-resource-manager/secret-prop[39m: Property 'userStorageKey' looks like it contains sensitive information. Consider marking it with @secret decorator to ensure it is handled securely.
> 3492 |   userStorageKey?: string;
       |   ^^^^^^^^^^^^^^
[36mdocs/generated-tsp/MachineLearningServices.Management.v2022_02_01_preview/models.tsp[39m:[33m3500[39m:[33m3[39m - [33mwarning[39m [90m@azure-tools/typespec-azure-resource-manager/secret-prop[39m: Property 'appInsightsInstrumentationKey' looks like it contains sensitive information. Consider marking it with @secret decorator to ensure it is handled securely.
> 3500 |   appInsightsInstrumentationKey?: string;
       |   ^^^^^^^^^^^^^^^^^^^^^^^^^^^^^
[36mdocs/generated-tsp/MachineLearningServices.Management.v2022_02_01_preview/models.tsp[39m:[33m3541[39m:[33m3[39m - [33mwarning[39m [90m@azure-tools/typespec-azure-resource-manager/secret-prop[39m: Property 'primaryAccessKey' looks like it contains sensitive information. Consider marking it with @secret decorator to ensure it is handled securely.
> 3541 |   primaryAccessKey?: string;
       |   ^^^^^^^^^^^^^^^^
[36mdocs/generated-tsp/MachineLearningServices.Management.v2022_02_01_preview/models.tsp[39m:[33m3545[39m:[33m3[39m - [33mwarning[39m [90m@azure-tools/typespec-azure-resource-manager/secret-prop[39m: Property 'secondaryAccessKey' looks like it contains sensitive information. Consider marking it with @secret decorator to ensure it is handled securely.
> 3545 |   secondaryAccessKey?: string;
       |   ^^^^^^^^^^^^^^^^^^
[36mdocs/generated-tsp/MachineLearningServices.Management.v2022_02_01_preview/models.tsp[39m:[33m3648[39m:[33m3[39m - [33mwarning[39m [90m@azure-tools/typespec-azure-core/casing-style[39m: The names of Property types must use camelCase
> 3648 |   vCPUs?: int32;
       |   ^^^^^
[36mdocs/generated-tsp/MachineLearningServices.Management.v2022_02_01_preview/models.tsp[39m:[33m3660[39m:[33m3[39m - [33mwarning[39m [90m@azure-tools/typespec-azure-core/casing-style[39m: The names of Property types must use camelCase
> 3660 |   osVhdSizeMB?: int32;
       |   ^^^^^^^^^^^
[36mdocs/generated-tsp/MachineLearningServices.Management.v2022_02_01_preview/models.tsp[39m:[33m3666[39m:[33m3[39m - [33mwarning[39m [90m@azure-tools/typespec-azure-core/casing-style[39m: The names of Property types must use camelCase
> 3666 |   maxResourceVolumeMB?: int32;
       |   ^^^^^^^^^^^^^^^^^^^
[36mdocs/generated-tsp/MachineLearningServices.Management.v2022_02_01_preview/models.tsp[39m:[33m3672[39m:[33m3[39m - [33mwarning[39m [90m@azure-tools/typespec-azure-core/casing-style[39m: The names of Property types must use camelCase
> 3672 |   memoryGB?: float64;
       |   ^^^^^^^^
[36mdocs/generated-tsp/MachineLearningServices.Management.v2022_02_01_preview/models.tsp[39m:[33m3684[39m:[33m3[39m - [33mwarning[39m [90m@azure-tools/typespec-azure-core/casing-style[39m: The names of Property types must use camelCase
> 3684 |   premiumIO?: boolean;
       |   ^^^^^^^^^
[36mdocs/generated-tsp/MachineLearningServices.Management.v2022_02_01_preview/models.tsp[39m:[33m3689[39m:[33m3[39m - [33mwarning[39m [90m@azure-tools/typespec-azure-core/casing-style[39m: The names of Property types must use camelCase
> 3689 |   estimatedVMPrices?: EstimatedVMPrices;
       |   ^^^^^^^^^^^^^^^^^
[36mdocs/generated-tsp/MachineLearningServices.Management.v2022_02_01_preview/ComputeResource.tsp[39m:[33m20[39m:[33m6[39m - [33mwarning[39m [90m@azure-tools/typespec-azure-core/no-legacy-usage[39m: Referencing elements inside Legacy namespace "Azure.ResourceManager.Legacy" is not allowed.
> 20 |   is Azure.ResourceManager.Legacy.TrackedResourceWithOptionalLocation<{}> {
     |      ^^^^^^^^^^^^^^^^^^^^^^^^^^^^^^^^^^^^^^^^^^^^^^^^^^^^^^^^^^^^^^^^^^^^
[36mdocs/generated-tsp/MachineLearningServices.Management.v2022_02_01_preview/ComputeResource.tsp[39m:[33m20[39m:[33m71[39m - [33mwarning[39m [90m@azure-tools/typespec-azure-resource-manager/arm-resource-provisioning-state[39m: The RP-specific property model in the 'properties' property of this resource must contain a 'provisioningState property.  The property type should be an enum or a union of string values, and it must specify known state values 'Succeeded', 'Failed', and 'Canceled'.
> 20 |   is Azure.ResourceManager.Legacy.TrackedResourceWithOptionalLocation<{}> {
     |                                                                       ^^
[36mdocs/generated-tsp/MachineLearningServices.Management.v2022_02_01_preview/models.tsp[39m:[33m3960[39m:[33m7[39m - [33mwarning[39m [90m@azure-tools/typespec-azure-resource-manager/patch-envelope[39m: The Resource PATCH request for resource 'ComputeResource' is missing envelope properties:  [identity, sku, tags]. Since these properties are supported in the resource, they must also be updatable via PATCH.
> 3960 | model ClusterUpdateParameters {
       |       ^^^^^^^^^^^^^^^^^^^^^^^
[36mdocs/generated-tsp/MachineLearningServices.Management.v2022_02_01_preview/ComputeResource.tsp[39m:[33m20[39m:[33m71[39m - [33mwarning[39m [90m@azure-tools/typespec-azure-resource-manager/no-empty-model[39m: Properties with type:object must have definition of a reference model.
> 20 |   is Azure.ResourceManager.Legacy.TrackedResourceWithOptionalLocation<{}> {
     |                                                                       ^^
[36mdocs/generated-tsp/MachineLearningServices.Management.v2022_02_01_preview/models.tsp[39m:[33m4084[39m:[33m3[39m - [33mwarning[39m [90m@azure-tools/typespec-azure-resource-manager/secret-prop[39m: Property 'accessToken' looks like it contains sensitive information. Consider marking it with @secret decorator to ensure it is handled securely.
> 4084 |   accessToken?: string;
       |   ^^^^^^^^^^^
[36mdocs/generated-tsp/MachineLearningServices.Management.v2022_02_01_preview/models.tsp[39m:[33m4096[39m:[33m3[39m - [33mwarning[39m [90m@azure-tools/typespec-azure-resource-manager/secret-prop[39m: Property 'refreshToken' looks like it contains sensitive information. Consider marking it with @secret decorator to ensure it is handled securely.
> 4096 |   refreshToken?: string;
       |   ^^^^^^^^^^^^
[36mdocs/generated-tsp/MachineLearningServices.Management.v2022_02_01_preview/models.tsp[39m:[33m4194[39m:[33m3[39m - [33mwarning[39m [90m@azure-tools/typespec-azure-resource-manager/secret-prop[39m: Property 'userStorageKey' looks like it contains sensitive information. Consider marking it with @secret decorator to ensure it is handled securely.
> 4194 |   userStorageKey?: string;
       |   ^^^^^^^^^^^^^^
[36mdocs/generated-tsp/MachineLearningServices.Management.v2022_02_01_preview/models.tsp[39m:[33m4355[39m:[33m3[39m - [33mwarning[39m [90m@azure-tools/typespec-azure-resource-manager/secret-prop[39m: Property 'primaryKey' looks like it contains sensitive information. Consider marking it with @secret decorator to ensure it is handled securely.
> 4355 |   primaryKey?: string;
       |   ^^^^^^^^^^
[36mdocs/generated-tsp/MachineLearningServices.Management.v2022_02_01_preview/models.tsp[39m:[33m4361[39m:[33m3[39m - [33mwarning[39m [90m@azure-tools/typespec-azure-resource-manager/secret-prop[39m: Property 'secondaryKey' looks like it contains sensitive information. Consider marking it with @secret decorator to ensure it is handled securely.
> 4361 |   secondaryKey?: string;
       |   ^^^^^^^^^^^^
[36mdocs/generated-tsp/MachineLearningServices.Management.v2022_02_01_preview/models.tsp[39m:[33m4332[39m:[33m3[39m - [33mwarning[39m [90m@azure-tools/typespec-azure-resource-manager/arm-resource-duplicate-property[39m: Duplicate property "properties" found in the resource envelope and resource properties.  Please do not duplicate envelope properties in resource properties.
> 4332 |   properties?: Record<string>;
       |   ^^^^^^^^^^
[36mdocs/generated-tsp/MachineLearningServices.Management.v2022_02_01_preview/models.tsp[39m:[33m4609[39m:[33m3[39m - [33mwarning[39m [90m@azure-tools/typespec-azure-resource-manager/arm-resource-duplicate-property[39m: Duplicate property "properties" found in the resource envelope and resource properties.  Please do not duplicate envelope properties in resource properties.
> 4609 |   properties?: Record<string>;
       |   ^^^^^^^^^^
[36mdocs/generated-tsp/MachineLearningServices.Management.v2022_02_01_preview/models.tsp[39m:[33m4805[39m:[33m7[39m - [33mwarning[39m [90m@azure-tools/typespec-azure-resource-manager/no-empty-model[39m: Properties with type:object must have definition of a reference model.
> 4805 | model CodeContainerDetails extends AssetContainer {}
       |       ^^^^^^^^^^^^^^^^^^^^
[36mdocs/generated-tsp/MachineLearningServices.Management.v2022_02_01_preview/models.tsp[39m:[33m4840[39m:[33m3[39m - [33mwarning[39m [90m@azure-tools/typespec-azure-resource-manager/arm-resource-duplicate-property[39m: Duplicate property "properties" found in the resource envelope and resource properties.  Please do not duplicate envelope properties in resource properties.
> 4840 |   properties?: Record<string>;
       |   ^^^^^^^^^^
[36mdocs/generated-tsp/MachineLearningServices.Management.v2022_02_01_preview/models.tsp[39m:[33m4840[39m:[33m3[39m - [33mwarning[39m [90m@azure-tools/typespec-azure-resource-manager/arm-resource-duplicate-property[39m: Duplicate property "properties" found in the resource envelope and resource properties.  Please do not duplicate envelope properties in resource properties.
> 4840 |   properties?: Record<string>;
       |   ^^^^^^^^^^
[36mdocs/generated-tsp/MachineLearningServices.Management.v2022_02_01_preview/models.tsp[39m:[33m4894[39m:[33m7[39m - [33mwarning[39m [90m@azure-tools/typespec-azure-resource-manager/no-empty-model[39m: Properties with type:object must have definition of a reference model.
> 4894 | model ComponentContainerDetails extends AssetContainer {}
       |       ^^^^^^^^^^^^^^^^^^^^^^^^^
[36mdocs/generated-tsp/MachineLearningServices.Management.v2022_02_01_preview/models.tsp[39m:[33m4840[39m:[33m3[39m - [33mwarning[39m [90m@azure-tools/typespec-azure-resource-manager/arm-resource-duplicate-property[39m: Duplicate property "properties" found in the resource envelope and resource properties.  Please do not duplicate envelope properties in resource properties.
> 4840 |   properties?: Record<string>;
       |   ^^^^^^^^^^
[36mdocs/generated-tsp/MachineLearningServices.Management.v2022_02_01_preview/models.tsp[39m:[33m4913[39m:[33m3[39m - [33mwarning[39m [90m@azure-tools/typespec-azure-core/no-unknown[39m: Azure services must not have properties of type `unknown`.
> 4913 |   componentSpec?: unknown;
       |   ^^^^^^^^^^^^^
[36mdocs/generated-tsp/MachineLearningServices.Management.v2022_02_01_preview/models.tsp[39m:[33m4840[39m:[33m3[39m - [33mwarning[39m [90m@azure-tools/typespec-azure-resource-manager/arm-resource-duplicate-property[39m: Duplicate property "properties" found in the resource envelope and resource properties.  Please do not duplicate envelope properties in resource properties.
> 4840 |   properties?: Record<string>;
       |   ^^^^^^^^^^
[36mdocs/generated-tsp/MachineLearningServices.Management.v2022_02_01_preview/models.tsp[39m:[33m4840[39m:[33m3[39m - [33mwarning[39m [90m@azure-tools/typespec-azure-resource-manager/arm-resource-duplicate-property[39m: Duplicate property "properties" found in the resource envelope and resource properties.  Please do not duplicate envelope properties in resource properties.
> 4840 |   properties?: Record<string>;
       |   ^^^^^^^^^^
[36mdocs/generated-tsp/MachineLearningServices.Management.v2022_02_01_preview/models.tsp[39m:[33m4840[39m:[33m3[39m - [33mwarning[39m [90m@azure-tools/typespec-azure-resource-manager/arm-resource-duplicate-property[39m: Duplicate property "properties" found in the resource envelope and resource properties.  Please do not duplicate envelope properties in resource properties.
> 4840 |   properties?: Record<string>;
       |   ^^^^^^^^^^
[36mdocs/generated-tsp/MachineLearningServices.Management.v2022_02_01_preview/models.tsp[39m:[33m4840[39m:[33m3[39m - [33mwarning[39m [90m@azure-tools/typespec-azure-resource-manager/arm-resource-duplicate-property[39m: Duplicate property "properties" found in the resource envelope and resource properties.  Please do not duplicate envelope properties in resource properties.
> 4840 |   properties?: Record<string>;
       |   ^^^^^^^^^^
[36mdocs/generated-tsp/MachineLearningServices.Management.v2022_02_01_preview/models.tsp[39m:[33m5024[39m:[33m7[39m - [33mwarning[39m [90m@azure-tools/typespec-azure-resource-manager/no-empty-model[39m: Properties with type:object must have definition of a reference model.
> 5024 | model EnvironmentContainerDetails extends AssetContainer {}
       |       ^^^^^^^^^^^^^^^^^^^^^^^^^^^
[36mdocs/generated-tsp/MachineLearningServices.Management.v2022_02_01_preview/models.tsp[39m:[33m4840[39m:[33m3[39m - [33mwarning[39m [90m@azure-tools/typespec-azure-resource-manager/arm-resource-duplicate-property[39m: Duplicate property "properties" found in the resource envelope and resource properties.  Please do not duplicate envelope properties in resource properties.
> 4840 |   properties?: Record<string>;
       |   ^^^^^^^^^^
[36mdocs/generated-tsp/MachineLearningServices.Management.v2022_02_01_preview/models.tsp[39m:[33m4840[39m:[33m3[39m - [33mwarning[39m [90m@azure-tools/typespec-azure-resource-manager/arm-resource-duplicate-property[39m: Duplicate property "properties" found in the resource envelope and resource properties.  Please do not duplicate envelope properties in resource properties.
> 4840 |   properties?: Record<string>;
       |   ^^^^^^^^^^
[36mdocs/generated-tsp/MachineLearningServices.Management.v2022_02_01_preview/models.tsp[39m:[33m4840[39m:[33m3[39m - [33mwarning[39m [90m@azure-tools/typespec-azure-resource-manager/arm-resource-duplicate-property[39m: Duplicate property "properties" found in the resource envelope and resource properties.  Please do not duplicate envelope properties in resource properties.
> 4840 |   properties?: Record<string>;
       |   ^^^^^^^^^^
[36mdocs/generated-tsp/MachineLearningServices.Management.v2022_02_01_preview/models.tsp[39m:[33m5297[39m:[33m7[39m - [33mwarning[39m [90m@azure-tools/typespec-azure-resource-manager/no-empty-model[39m: Properties with type:object must have definition of a reference model.
> 5297 | model ModelContainerDetails extends AssetContainer {}
       |       ^^^^^^^^^^^^^^^^^^^^^
[36mdocs/generated-tsp/MachineLearningServices.Management.v2022_02_01_preview/models.tsp[39m:[33m4840[39m:[33m3[39m - [33mwarning[39m [90m@azure-tools/typespec-azure-resource-manager/arm-resource-duplicate-property[39m: Duplicate property "properties" found in the resource envelope and resource properties.  Please do not duplicate envelope properties in resource properties.
> 4840 |   properties?: Record<string>;
       |   ^^^^^^^^^^
[36mdocs/generated-tsp/MachineLearningServices.Management.v2022_02_01_preview/models.tsp[39m:[33m4840[39m:[33m3[39m - [33mwarning[39m [90m@azure-tools/typespec-azure-resource-manager/arm-resource-duplicate-property[39m: Duplicate property "properties" found in the resource envelope and resource properties.  Please do not duplicate envelope properties in resource properties.
> 4840 |   properties?: Record<string>;
       |   ^^^^^^^^^^
[36mdocs/generated-tsp/MachineLearningServices.Management.v2022_02_01_preview/models.tsp[39m:[33m4332[39m:[33m3[39m - [33mwarning[39m [90m@azure-tools/typespec-azure-resource-manager/arm-resource-duplicate-property[39m: Duplicate property "properties" found in the resource envelope and resource properties.  Please do not duplicate envelope properties in resource properties.
> 4332 |   properties?: Record<string>;
       |   ^^^^^^^^^^
[36mdocs/generated-tsp/MachineLearningServices.Management.v2022_02_01_preview/models.tsp[39m:[33m4609[39m:[33m3[39m - [33mwarning[39m [90m@azure-tools/typespec-azure-resource-manager/arm-resource-duplicate-property[39m: Duplicate property "properties" found in the resource envelope and resource properties.  Please do not duplicate envelope properties in resource properties.
> 4609 |   properties?: Record<string>;
       |   ^^^^^^^^^^
[36mdocs/generated-tsp/MachineLearningServices.Management.v2022_02_01_preview/models.tsp[39m:[33m5736[39m:[33m3[39m - [33mwarning[39m [90m@azure-tools/typespec-azure-resource-manager/secret-prop[39m: Property 'accessToken' looks like it contains sensitive information. Consider marking it with @secret decorator to ensure it is handled securely.
> 5736 |   accessToken?: string;
       |   ^^^^^^^^^^^
[36mdocs/generated-tsp/MachineLearningServices.Management.v2022_02_01_preview/models.tsp[39m:[33m5802[39m:[33m7[39m - [33mwarning[39m [90m@azure-tools/typespec-azure-core/casing-style[39m: The names of Model types must use PascalCase
> 5802 | model AKSSchema {
       |       ^^^^^^^^^
[36mdocs/generated-tsp/MachineLearningServices.Management.v2022_02_01_preview/models.tsp[39m:[33m5812[39m:[33m7[39m - [33mwarning[39m [90m@azure-tools/typespec-azure-core/casing-style[39m: The names of Model types must use PascalCase
> 5812 | model AKSSchemaProperties {
       |       ^^^^^^^^^^^^^^^^^^^
[36mdocs/generated-tsp/MachineLearningServices.Management.v2022_02_01_preview/models.tsp[39m:[33m5938[39m:[33m3[39m - [33mwarning[39m [90m@azure-tools/typespec-azure-core/casing-style[39m: The names of Property types must use camelCase
> 5938 |   dnsServiceIP?: string;
       |   ^^^^^^^^^^^^
[36mdocs/generated-tsp/MachineLearningServices.Management.v2022_02_01_preview/models.tsp[39m:[33m5792[39m:[33m7[39m - [33mwarning[39m [90m@azure-tools/typespec-azure-core/casing-style[39m: The names of Model types must use PascalCase
> 5792 | model AKS extends Compute {
       |       ^^^
[36mdocs/generated-tsp/MachineLearningServices.Management.v2022_02_01_preview/models.tsp[39m:[33m6639[39m:[33m3[39m - [33mwarning[39m [90m@azure-tools/typespec-azure-core/casing-style[39m: The names of Property types must use camelCase
> 6639 |   diskSizeGB?: int32;
       |   ^^^^^^^^^^
[36mdocs/generated-tsp/MachineLearningServices.Management.v2022_02_01_preview/models.tsp[39m:[33m6798[39m:[33m3[39m - [33mwarning[39m [90m@azure-tools/typespec-azure-resource-manager/secret-prop[39m: Property 'password' looks like it contains sensitive information. Consider marking it with @secret decorator to ensure it is handled securely.
> 6798 |   password?: string;
       |   ^^^^^^^^
[36mdocs/generated-tsp/MachineLearningServices.Management.v2022_02_01_preview/models.tsp[39m:[33m6814[39m:[33m7[39m - [33mwarning[39m [90m@azure-tools/typespec-azure-core/casing-style[39m: The names of Model types must use PascalCase
> 6814 | model HDInsightProperties {
       |       ^^^^^^^^^^^^^^^^^^^
[36mdocs/generated-tsp/MachineLearningServices.Management.v2022_02_01_preview/models.tsp[39m:[33m6844[39m:[33m7[39m - [33mwarning[39m [90m@azure-tools/typespec-azure-core/casing-style[39m: The names of Model types must use PascalCase
> 6844 | model HDInsightSchema {
       |       ^^^^^^^^^^^^^^^
[36mdocs/generated-tsp/MachineLearningServices.Management.v2022_02_01_preview/models.tsp[39m:[33m6834[39m:[33m7[39m - [33mwarning[39m [90m@azure-tools/typespec-azure-core/casing-style[39m: The names of Model types must use PascalCase
> 6834 | model HDInsight extends Compute {
       |       ^^^^^^^^^
[36mdocs/generated-tsp/MachineLearningServices.Management.v2022_02_01_preview/models.tsp[39m:[33m7069[39m:[33m3[39m - [33mwarning[39m [90m@azure-tools/typespec-azure-resource-manager/secret-prop[39m: Property 'databricksAccessToken' looks like it contains sensitive information. Consider marking it with @secret decorator to ensure it is handled securely.
> 7069 |   databricksAccessToken?: string;
       |   ^^^^^^^^^^^^^^^^^^^^^
[36mdocs/generated-tsp/MachineLearningServices.Management.v2022_02_01_preview/models.tsp[39m:[33m7107[39m:[33m3[39m - [33mwarning[39m [90m@azure-tools/typespec-azure-resource-manager/secret-prop[39m: Property 'key' looks like it contains sensitive information. Consider marking it with @secret decorator to ensure it is handled securely.
> 7107 |   key?: string;
       |   ^^^
[36mdocs/generated-tsp/MachineLearningServices.Management.v2022_02_01_preview/models.tsp[39m:[33m7185[39m:[33m7[39m - [33mwarning[39m [90m@azure-tools/typespec-azure-core/casing-style[39m: The names of Model types must use PascalCase
> 7185 | model AutoMLJob extends JobBaseDetails {
       |       ^^^^^^^^^
[36mdocs/generated-tsp/MachineLearningServices.Management.v2022_02_01_preview/models.tsp[39m:[33m7247[39m:[33m7[39m - [33mwarning[39m [90m@azure-tools/typespec-azure-core/casing-style[39m: The names of Model types must use PascalCase
> 7247 | model AutoMLVertical {
       |       ^^^^^^^^^^^^^^
[36mdocs/generated-tsp/MachineLearningServices.Management.v2022_02_01_preview/models.tsp[39m:[33m7274[39m:[33m7[39m - [33mwarning[39m [90m@azure-tools/typespec-azure-core/casing-style[39m: The names of Model types must use PascalCase
> 7274 | model NCrossValidations {
       |       ^^^^^^^^^^^^^^^^^
[36mdocs/generated-tsp/MachineLearningServices.Management.v2022_02_01_preview/models.tsp[39m:[33m7263[39m:[33m7[39m - [33mwarning[39m [90m@azure-tools/typespec-azure-core/casing-style[39m: The names of Model types must use PascalCase
> 7263 | model AutoNCrossValidations extends NCrossValidations {
       |       ^^^^^^^^^^^^^^^^^^^^^
[36mdocs/generated-tsp/MachineLearningServices.Management.v2022_02_01_preview/models.tsp[39m:[33m7718[39m:[33m7[39m - [33mwarning[39m [90m@azure-tools/typespec-azure-core/casing-style[39m: The names of Model types must use PascalCase
> 7718 | model MLTableJobInput extends JobInput {
       |       ^^^^^^^^^^^^^^^
[36mdocs/generated-tsp/MachineLearningServices.Management.v2022_02_01_preview/models.tsp[39m:[33m7847[39m:[33m3[39m - [33mwarning[39m [90m@azure-tools/typespec-azure-core/no-unknown[39m: Azure services must not have properties of type `unknown`.
> 7847 |   parameters?: unknown;
       |   ^^^^^^^^^^
[36mdocs/generated-tsp/MachineLearningServices.Management.v2022_02_01_preview/models.tsp[39m:[33m7948[39m:[33m3[39m - [33mwarning[39m [90m@azure-tools/typespec-azure-core/casing-style[39m: The names of Property types must use camelCase
> 7948 |   stackMetaLearnerKWargs?: unknown;
       |   ^^^^^^^^^^^^^^^^^^^^^^
[36mdocs/generated-tsp/MachineLearningServices.Management.v2022_02_01_preview/models.tsp[39m:[33m7948[39m:[33m3[39m - [33mwarning[39m [90m@azure-tools/typespec-azure-core/no-unknown[39m: Azure services must not have properties of type `unknown`.
> 7948 |   stackMetaLearnerKWargs?: unknown;
       |   ^^^^^^^^^^^^^^^^^^^^^^
[36mdocs/generated-tsp/MachineLearningServices.Management.v2022_02_01_preview/models.tsp[39m:[33m8023[39m:[33m3[39m - [33mwarning[39m [90m@azure-tools/typespec-azure-core/no-unknown[39m: Azure services must not have properties of type `unknown`.
> 8023 |   parameters?: unknown;
       |   ^^^^^^^^^^
[36mdocs/generated-tsp/MachineLearningServices.Management.v2022_02_01_preview/models.tsp[39m:[33m8164[39m:[33m7[39m - [33mwarning[39m [90m@azure-tools/typespec-azure-core/casing-style[39m: The names of Model types must use PascalCase
> 8164 | model CustomNCrossValidations extends NCrossValidations {
       |       ^^^^^^^^^^^^^^^^^^^^^^^
[36mdocs/generated-tsp/MachineLearningServices.Management.v2022_02_01_preview/models.tsp[39m:[33m8901[39m:[33m7[39m - [33mwarning[39m [90m@azure-tools/typespec-azure-resource-manager/no-empty-model[39m: Properties with type:object must have definition of a reference model.
> 8901 | model ImageVerticalValidationDataSettings extends ValidationDataSettings {}
       |       ^^^^^^^^^^^^^^^^^^^^^^^^^^^^^^^^^^^
[36mdocs/generated-tsp/MachineLearningServices.Management.v2022_02_01_preview/models.tsp[39m:[33m8622[39m:[33m3[39m - [33mwarning[39m [90m@azure-tools/typespec-azure-core/casing-style[39m: The names of Property types must use camelCase
> 8622 |   stepLRGamma?: float32;
       |   ^^^^^^^^^^^
[36mdocs/generated-tsp/MachineLearningServices.Management.v2022_02_01_preview/models.tsp[39m:[33m8627[39m:[33m3[39m - [33mwarning[39m [90m@azure-tools/typespec-azure-core/casing-style[39m: The names of Property types must use camelCase
> 8627 |   stepLRStepSize?: int32;
       |   ^^^^^^^^^^^^^^
[36mdocs/generated-tsp/MachineLearningServices.Management.v2022_02_01_preview/models.tsp[39m:[33m8642[39m:[33m3[39m - [33mwarning[39m [90m@azure-tools/typespec-azure-core/casing-style[39m: The names of Property types must use camelCase
> 8642 |   warmupCosineLRCycles?: float32;
       |   ^^^^^^^^^^^^^^^^^^^^
[36mdocs/generated-tsp/MachineLearningServices.Management.v2022_02_01_preview/models.tsp[39m:[33m8647[39m:[33m3[39m - [33mwarning[39m [90m@azure-tools/typespec-azure-core/casing-style[39m: The names of Property types must use camelCase
> 8647 |   warmupCosineLRWarmupEpochs?: int32;
       |   ^^^^^^^^^^^^^^^^^^^^^^^^^^
[36mdocs/generated-tsp/MachineLearningServices.Management.v2022_02_01_preview/models.tsp[39m:[33m8834[39m:[33m3[39m - [33mwarning[39m [90m@azure-tools/typespec-azure-core/casing-style[39m: The names of Property types must use camelCase
> 8834 |   stepLRGamma?: string;
       |   ^^^^^^^^^^^
[36mdocs/generated-tsp/MachineLearningServices.Management.v2022_02_01_preview/models.tsp[39m:[33m8839[39m:[33m3[39m - [33mwarning[39m [90m@azure-tools/typespec-azure-core/casing-style[39m: The names of Property types must use camelCase
> 8839 |   stepLRStepSize?: string;
       |   ^^^^^^^^^^^^^^
[36mdocs/generated-tsp/MachineLearningServices.Management.v2022_02_01_preview/models.tsp[39m:[33m8854[39m:[33m3[39m - [33mwarning[39m [90m@azure-tools/typespec-azure-core/casing-style[39m: The names of Property types must use camelCase
> 8854 |   warmupCosineLRCycles?: string;
       |   ^^^^^^^^^^^^^^^^^^^^
[36mdocs/generated-tsp/MachineLearningServices.Management.v2022_02_01_preview/models.tsp[39m:[33m8859[39m:[33m3[39m - [33mwarning[39m [90m@azure-tools/typespec-azure-core/casing-style[39m: The names of Property types must use camelCase
> 8859 |   warmupCosineLRWarmupEpochs?: string;
       |   ^^^^^^^^^^^^^^^^^^^^^^^^^^
[36mdocs/generated-tsp/MachineLearningServices.Management.v2022_02_01_preview/models.tsp[39m:[33m9292[39m:[33m3[39m - [33mwarning[39m [90m@azure-tools/typespec-azure-resource-manager/secret-prop[39m: Property 'kerberosPassword' looks like it contains sensitive information. Consider marking it with @secret decorator to ensure it is handled securely.
> 9292 |   kerberosPassword?: string;
       |   ^^^^^^^^^^^^^^^^
[36mdocs/generated-tsp/MachineLearningServices.Management.v2022_02_01_preview/models.tsp[39m:[33m9384[39m:[33m7[39m - [33mwarning[39m [90m@azure-tools/typespec-azure-core/casing-style[39m: The names of Model types must use PascalCase
> 9384 | model MLFlowModelJobInput extends JobInput {
       |       ^^^^^^^^^^^^^^^^^^^
[36mdocs/generated-tsp/MachineLearningServices.Management.v2022_02_01_preview/models.tsp[39m:[33m9394[39m:[33m7[39m - [33mwarning[39m [90m@azure-tools/typespec-azure-core/casing-style[39m: The names of Model types must use PascalCase
> 9394 | model MLFlowModelJobOutput extends JobOutput {
       |       ^^^^^^^^^^^^^^^^^^^^
[36mdocs/generated-tsp/MachineLearningServices.Management.v2022_02_01_preview/models.tsp[39m:[33m9406[39m:[33m7[39m - [33mwarning[39m [90m@azure-tools/typespec-azure-core/casing-style[39m: The names of Model types must use PascalCase
> 9406 | model MLTableData extends DataVersionBaseDetails {
       |       ^^^^^^^^^^^
[36mdocs/generated-tsp/MachineLearningServices.Management.v2022_02_01_preview/models.tsp[39m:[33m9420[39m:[33m7[39m - [33mwarning[39m [90m@azure-tools/typespec-azure-core/casing-style[39m: The names of Model types must use PascalCase
> 9420 | model MLTableJobOutput extends JobOutput {
       |       ^^^^^^^^^^^^^^^^
[36mdocs/generated-tsp/MachineLearningServices.Management.v2022_02_01_preview/models.tsp[39m:[33m9480[39m:[33m7[39m - [33mwarning[39m [90m@azure-tools/typespec-azure-resource-manager/no-empty-model[39m: Properties with type:object must have definition of a reference model.
> 9480 | model NlpVerticalValidationDataSettings extends ValidationDataSettings {}
       |       ^^^^^^^^^^^^^^^^^^^^^^^^^^^^^^^^^
[36mdocs/generated-tsp/MachineLearningServices.Management.v2022_02_01_preview/models.tsp[39m:[33m9484[39m:[33m7[39m - [33mwarning[39m [90m@azure-tools/typespec-azure-resource-manager/no-empty-model[39m: Properties with type:object must have definition of a reference model.
> 9484 | model NlpVerticalFeaturizationSettings extends FeaturizationSettings {}
       |       ^^^^^^^^^^^^^^^^^^^^^^^^^^^^^^^^
[36mdocs/generated-tsp/MachineLearningServices.Management.v2022_02_01_preview/models.tsp[39m:[33m9656[39m:[33m3[39m - [33mwarning[39m [90m@azure-tools/typespec-azure-core/no-unknown[39m: Azure services must not have properties of type `unknown`.
> 9656 |   settings?: unknown;
       |   ^^^^^^^^
[36mdocs/generated-tsp/MachineLearningServices.Management.v2022_02_01_preview/models.tsp[39m:[33m9794[39m:[33m3[39m - [33mwarning[39m [90m@azure-tools/typespec-azure-resource-manager/secret-prop[39m: Property 'sasToken' looks like it contains sensitive information. Consider marking it with @secret decorator to ensure it is handled securely.
> 9794 |   sasToken?: string;
       |   ^^^^^^^^
[36mdocs/generated-tsp/MachineLearningServices.Management.v2022_02_01_preview/models.tsp[39m:[33m9849[39m:[33m3[39m - [33mwarning[39m [90m@azure-tools/typespec-azure-resource-manager/secret-prop[39m: Property 'clientSecret' looks like it contains sensitive information. Consider marking it with @secret decorator to ensure it is handled securely.
> 9849 |   clientSecret?: string;
       |   ^^^^^^^^^^^^
[36mdocs/generated-tsp/MachineLearningServices.Management.v2022_02_01_preview/models.tsp[39m:[33m9899[39m:[33m3[39m - [33mwarning[39m [90m@azure-tools/typespec-azure-core/no-unknown[39m: Azure services must not have properties of type `unknown`.
> 9899 |   searchSpace: unknown;
       |   ^^^^^^^^^^^
[36mdocs/generated-tsp/MachineLearningServices.Management.v2022_02_01_preview/ComputeResource.tsp[39m:[33m57[39m:[33m3[39m - [33mwarning[39m [90m@azure-tools/typespec-azure-resource-manager/arm-resource-patch[39m: Resource PATCH must contain the 'tags' property.
> 57 |   update is ArmCustomPatchAsync<
     |   ^^^^^^

Found 85 warnings.


