{
  message: 'Validating "examples" and "x-ms-examples" in  Microsoft.MachineLearningServices/preview/2020-09-01-preview/mfe.json:\n',
  level: '\x1B[32minfo\x1B[39m'
}
{
  message: 'Request parameters for x-ms-example "CreateOrUpdate Code Container." in operation "CodeContainers_CreateOrUpdate" is valid.',
  level: '\x1B[32minfo\x1B[39m'
}
{
  message: 'Response with statusCode "200" for x-ms-example "CreateOrUpdate Code Container." in operation "CodeContainers_CreateOrUpdate" is valid.',
  level: '\x1B[32minfo\x1B[39m'
}
{
  message: 'Response with statusCode "201" for x-ms-example "CreateOrUpdate Code Container." in operation "CodeContainers_CreateOrUpdate" is valid.',
  level: '\x1B[32minfo\x1B[39m'
}
{
  message: 'Request parameters for x-ms-example "Get Code Container." in operation "CodeContainers_Get" is valid.',
  level: '\x1B[32minfo\x1B[39m'
}
{
  message: 'Response with statusCode "200" for x-ms-example "Get Code Container." in operation "CodeContainers_Get" is valid.',
  level: '\x1B[32minfo\x1B[39m'
}
{
  message: 'Request parameters for x-ms-example "Delete Code Container." in operation "CodeContainers_Delete" is valid.',
  level: '\x1B[32minfo\x1B[39m'
}
{
  message: 'Response with statusCode "200" for x-ms-example "Delete Code Container." in operation "CodeContainers_Delete" is valid.',
  level: '\x1B[32minfo\x1B[39m'
}
{
  message: 'Response with statusCode "204" for x-ms-example "Delete Code Container." in operation "CodeContainers_Delete" is valid.',
  level: '\x1B[32minfo\x1B[39m'
}
{
  message: 'Request parameters for x-ms-example "List Code Container." in operation "CodeContainers_List" is valid.',
  level: '\x1B[32minfo\x1B[39m'
}
{
  message: 'Response with statusCode "200" for x-ms-example "List Code Container." in operation "CodeContainers_List" is valid.',
  level: '\x1B[32minfo\x1B[39m'
}
{
  message: 'Request parameters for x-ms-example "CreateOrUpdate Code Version." in operation "CodeVersions_CreateOrUpdate" is valid.',
  level: '\x1B[32minfo\x1B[39m'
}
{
  message: 'Response with statusCode "200" for x-ms-example "CreateOrUpdate Code Version." in operation "CodeVersions_CreateOrUpdate" is valid.',
  level: '\x1B[32minfo\x1B[39m'
}
{
  message: 'Response with statusCode "201" for x-ms-example "CreateOrUpdate Code Version." in operation "CodeVersions_CreateOrUpdate" is valid.',
  level: '\x1B[32minfo\x1B[39m'
}
{
  message: 'Request parameters for x-ms-example "Get Code Version." in operation "CodeVersions_Get" is valid.',
  level: '\x1B[32minfo\x1B[39m'
}
{
  message: 'Response with statusCode "200" for x-ms-example "Get Code Version." in operation "CodeVersions_Get" is valid.',
  level: '\x1B[32minfo\x1B[39m'
}
{
  message: 'Request parameters for x-ms-example "Delete Code Version." in operation "CodeVersions_Delete" is valid.',
  level: '\x1B[32minfo\x1B[39m'
}
{
  message: 'Response with statusCode "200" for x-ms-example "Delete Code Version." in operation "CodeVersions_Delete" is valid.',
  level: '\x1B[32minfo\x1B[39m'
}
{
  message: 'Response with statusCode "204" for x-ms-example "Delete Code Version." in operation "CodeVersions_Delete" is valid.',
  level: '\x1B[32minfo\x1B[39m'
}
{
  message: 'Request parameters for x-ms-example "List Code Version." in operation "CodeVersions_List" is valid.',
  level: '\x1B[32minfo\x1B[39m'
}
{
  message: 'Response with statusCode "200" for x-ms-example "List Code Version." in operation "CodeVersions_List" is valid.',
  level: '\x1B[32minfo\x1B[39m'
}
{
  message: 'Request parameters for x-ms-example "CreateOrUpdate Component Container." in operation "ComponentContainers_CreateOrUpdate" is valid.',
  level: '\x1B[32minfo\x1B[39m'
}
{
  message: 'Response with statusCode "200" for x-ms-example "CreateOrUpdate Component Container." in operation "ComponentContainers_CreateOrUpdate" is valid.',
  level: '\x1B[32minfo\x1B[39m'
}
{
  message: 'Response with statusCode "201" for x-ms-example "CreateOrUpdate Component Container." in operation "ComponentContainers_CreateOrUpdate" is valid.',
  level: '\x1B[32minfo\x1B[39m'
}
{
  message: 'Request parameters for x-ms-example "Get Component Container." in operation "ComponentContainers_Get" is valid.',
  level: '\x1B[32minfo\x1B[39m'
}
{
  message: 'Response with statusCode "200" for x-ms-example "Get Component Container." in operation "ComponentContainers_Get" is valid.',
  level: '\x1B[32minfo\x1B[39m'
}
{
  message: 'Request parameters for x-ms-example "Delete Component Container." in operation "ComponentContainers_Delete" is valid.',
  level: '\x1B[32minfo\x1B[39m'
}
{
  message: 'Response with statusCode "200" for x-ms-example "Delete Component Container." in operation "ComponentContainers_Delete" is valid.',
  level: '\x1B[32minfo\x1B[39m'
}
{
  message: 'Response with statusCode "204" for x-ms-example "Delete Component Container." in operation "ComponentContainers_Delete" is valid.',
  level: '\x1B[32minfo\x1B[39m'
}
{
  message: 'Request parameters for x-ms-example "List Component Container." in operation "ComponentContainers_List" is valid.',
  level: '\x1B[32minfo\x1B[39m'
}
{
  message: 'Response with statusCode "200" for x-ms-example "List Component Container." in operation "ComponentContainers_List" is valid.',
  level: '\x1B[32minfo\x1B[39m'
}
{
  message: 'Request parameters for x-ms-example "CreateOrUpdate Component Version." in operation "ComponentVersions_CreateOrUpdate" is valid.',
  level: '\x1B[32minfo\x1B[39m'
}
{
  message: 'Response with statusCode "200" for x-ms-example "CreateOrUpdate Component Version." in operation "ComponentVersions_CreateOrUpdate" is valid.',
  level: '\x1B[32minfo\x1B[39m'
}
{
  message: 'Response with statusCode "201" for x-ms-example "CreateOrUpdate Component Version." in operation "ComponentVersions_CreateOrUpdate" is valid.',
  level: '\x1B[32minfo\x1B[39m'
}
{
  message: 'Request parameters for x-ms-example "Get Component Version." in operation "ComponentVersions_Get" is valid.',
  level: '\x1B[32minfo\x1B[39m'
}
{
  message: 'Response with statusCode "200" for x-ms-example "Get Component Version." in operation "ComponentVersions_Get" is valid.',
  level: '\x1B[32minfo\x1B[39m'
}
{
  message: 'Request parameters for x-ms-example "Delete Component Version." in operation "ComponentVersions_Delete" is valid.',
  level: '\x1B[32minfo\x1B[39m'
}
{
  message: 'Response with statusCode "200" for x-ms-example "Delete Component Version." in operation "ComponentVersions_Delete" is valid.',
  level: '\x1B[32minfo\x1B[39m'
}
{
  message: 'Response with statusCode "204" for x-ms-example "Delete Component Version." in operation "ComponentVersions_Delete" is valid.',
  level: '\x1B[32minfo\x1B[39m'
}
{
  message: 'Request parameters for x-ms-example "List Component Version." in operation "ComponentVersions_List" is valid.',
  level: '\x1B[32minfo\x1B[39m'
}
{
  message: 'Response with statusCode "200" for x-ms-example "List Component Version." in operation "ComponentVersions_List" is valid.',
  level: '\x1B[32minfo\x1B[39m'
}
{
  message: 'Request parameters for x-ms-example "CreateOrUpdate Data Container." in operation "DataContainers_CreateOrUpdate" is valid.',
  level: '\x1B[32minfo\x1B[39m'
}
{
  message: 'Response with statusCode "200" for x-ms-example "CreateOrUpdate Data Container." in operation "DataContainers_CreateOrUpdate" is valid.',
  level: '\x1B[32minfo\x1B[39m'
}
{
  message: 'Response with statusCode "201" for x-ms-example "CreateOrUpdate Data Container." in operation "DataContainers_CreateOrUpdate" is valid.',
  level: '\x1B[32minfo\x1B[39m'
}
{
  message: 'Request parameters for x-ms-example "Get Data Container." in operation "DataContainers_Get" is valid.',
  level: '\x1B[32minfo\x1B[39m'
}
{
  message: 'Response with statusCode "200" for x-ms-example "Get Data Container." in operation "DataContainers_Get" is valid.',
  level: '\x1B[32minfo\x1B[39m'
}
{
  message: 'Request parameters for x-ms-example "Delete Data Container." in operation "DataContainers_Delete" is valid.',
  level: '\x1B[32minfo\x1B[39m'
}
{
  message: 'Response with statusCode "200" for x-ms-example "Delete Data Container." in operation "DataContainers_Delete" is valid.',
  level: '\x1B[32minfo\x1B[39m'
}
{
  message: 'Response with statusCode "204" for x-ms-example "Delete Data Container." in operation "DataContainers_Delete" is valid.',
  level: '\x1B[32minfo\x1B[39m'
}
{
  message: 'Request parameters for x-ms-example "List Data Container." in operation "DataContainers_List" is valid.',
  level: '\x1B[32minfo\x1B[39m'
}
{
  message: 'Response with statusCode "200" for x-ms-example "List Data Container." in operation "DataContainers_List" is valid.',
  level: '\x1B[32minfo\x1B[39m'
}
{
  message: 'Request parameters for x-ms-example "List datastores." in operation "Datastores_List" is valid.',
  level: '\x1B[32minfo\x1B[39m'
}
{
  message: 'Response with statusCode "200" for x-ms-example "List datastores." in operation "Datastores_List" is valid.',
  level: '\x1B[32minfo\x1B[39m'
}
{
  message: 'Request parameters for x-ms-example "Delete datastore." in operation "Datastores_Delete" is valid.',
  level: '\x1B[32minfo\x1B[39m'
}
{
  message: 'Response with statusCode "200" for x-ms-example "Delete datastore." in operation "Datastores_Delete" is valid.',
  level: '\x1B[32minfo\x1B[39m'
}
{
  message: 'Response with statusCode "204" for x-ms-example "Delete datastore." in operation "Datastores_Delete" is valid.',
  level: '\x1B[32minfo\x1B[39m'
}
{
  message: 'Request parameters for x-ms-example "Get datastore." in operation "Datastores_Get" is valid.',
  level: '\x1B[32minfo\x1B[39m'
}
{
  message: 'Response with statusCode "200" for x-ms-example "Get datastore." in operation "Datastores_Get" is valid.',
  level: '\x1B[32minfo\x1B[39m'
}
{
  message: 'Request parameters for x-ms-example "Create or update datastore." in operation "Datastores_CreateOrUpdate" is valid.',
  level: '\x1B[32minfo\x1B[39m'
}
{
  message: 'Response with statusCode "200" for x-ms-example "Create or update datastore." in operation "Datastores_CreateOrUpdate" is valid.',
  level: '\x1B[32minfo\x1B[39m'
}
{
  message: 'Response with statusCode "201" for x-ms-example "Create or update datastore." in operation "Datastores_CreateOrUpdate" is valid.',
  level: '\x1B[32minfo\x1B[39m'
}
{
  message: 'Request parameters for x-ms-example "Get datastore secrets." in operation "Datastores_ListSecrets" is valid.',
  level: '\x1B[32minfo\x1B[39m'
}
{
  message: 'Response with statusCode "200" for x-ms-example "Get datastore secrets." in operation "Datastores_ListSecrets" is valid.',
  level: '\x1B[32minfo\x1B[39m'
}
{
  message: 'Request parameters for x-ms-example "CreateOrUpdate Data Version." in operation "DataVersions_CreateOrUpdate" is valid.',
  level: '\x1B[32minfo\x1B[39m'
}
{
  message: 'Response with statusCode "200" for x-ms-example "CreateOrUpdate Data Version." in operation "DataVersions_CreateOrUpdate" is valid.',
  level: '\x1B[32minfo\x1B[39m'
}
{
  message: 'Response with statusCode "201" for x-ms-example "CreateOrUpdate Data Version." in operation "DataVersions_CreateOrUpdate" is valid.',
  level: '\x1B[32minfo\x1B[39m'
}
{
  message: 'Request parameters for x-ms-example "Get Data Version." in operation "DataVersions_Get" is valid.',
  level: '\x1B[32minfo\x1B[39m'
}
{
  message: 'Response with statusCode "200" for x-ms-example "Get Data Version." in operation "DataVersions_Get" is valid.',
  level: '\x1B[32minfo\x1B[39m'
}
{
  message: 'Request parameters for x-ms-example "Delete Data Version." in operation "DataVersions_Delete" is valid.',
  level: '\x1B[32minfo\x1B[39m'
}
{
  message: 'Response with statusCode "200" for x-ms-example "Delete Data Version." in operation "DataVersions_Delete" is valid.',
  level: '\x1B[32minfo\x1B[39m'
}
{
  message: 'Response with statusCode "204" for x-ms-example "Delete Data Version." in operation "DataVersions_Delete" is valid.',
  level: '\x1B[32minfo\x1B[39m'
}
{
  message: 'Request parameters for x-ms-example "List Data Version." in operation "DataVersions_List" is valid.',
  level: '\x1B[32minfo\x1B[39m'
}
{
  message: 'Response with statusCode "200" for x-ms-example "List Data Version." in operation "DataVersions_List" is valid.',
  level: '\x1B[32minfo\x1B[39m'
}
{
  message: 'Request parameters for x-ms-example "CreateOrUpdate Environment Container." in operation "EnvironmentContainers_CreateOrUpdate" is valid.',
  level: '\x1B[32minfo\x1B[39m'
}
{
  message: 'Response with statusCode "200" for x-ms-example "CreateOrUpdate Environment Container." in operation "EnvironmentContainers_CreateOrUpdate" is valid.',
  level: '\x1B[32minfo\x1B[39m'
}
{
  message: 'Response with statusCode "201" for x-ms-example "CreateOrUpdate Environment Container." in operation "EnvironmentContainers_CreateOrUpdate" is valid.',
  level: '\x1B[32minfo\x1B[39m'
}
{
  message: 'Request parameters for x-ms-example "Get Environment Container." in operation "EnvironmentContainers_Get" is valid.',
  level: '\x1B[32minfo\x1B[39m'
}
{
  message: 'Response with statusCode "200" for x-ms-example "Get Environment Container." in operation "EnvironmentContainers_Get" is valid.',
  level: '\x1B[32minfo\x1B[39m'
}
{
  message: 'Request parameters for x-ms-example "Delete Environment Container." in operation "EnvironmentContainers_Delete" is valid.',
  level: '\x1B[32minfo\x1B[39m'
}
{
  message: 'Response with statusCode "200" for x-ms-example "Delete Environment Container." in operation "EnvironmentContainers_Delete" is valid.',
  level: '\x1B[32minfo\x1B[39m'
}
{
  message: 'Response with statusCode "204" for x-ms-example "Delete Environment Container." in operation "EnvironmentContainers_Delete" is valid.',
  level: '\x1B[32minfo\x1B[39m'
}
{
  message: 'Request parameters for x-ms-example "List Environment Container." in operation "EnvironmentContainers_List" is valid.',
  level: '\x1B[32minfo\x1B[39m'
}
{
  message: 'Response with statusCode "200" for x-ms-example "List Environment Container." in operation "EnvironmentContainers_List" is valid.',
  level: '\x1B[32minfo\x1B[39m'
}
{
  message: 'Request parameters for x-ms-example "CreateOrUpdate Environment Specification Version." in operation "EnvironmentSpecificationVersions_CreateOrUpdate" is valid.',
  level: '\x1B[32minfo\x1B[39m'
}
{
  message: 'Response with statusCode "200" for x-ms-example "CreateOrUpdate Environment Specification Version." in operation "EnvironmentSpecificationVersions_CreateOrUpdate" is valid.',
  level: '\x1B[32minfo\x1B[39m'
}
{
  message: 'Response with statusCode "201" for x-ms-example "CreateOrUpdate Environment Specification Version." in operation "EnvironmentSpecificationVersions_CreateOrUpdate" is valid.',
  level: '\x1B[32minfo\x1B[39m'
}
{
  message: 'Request parameters for x-ms-example "Get Environment Specification Version." in operation "EnvironmentSpecificationVersions_Get" is valid.',
  level: '\x1B[32minfo\x1B[39m'
}
{
  message: 'Response with statusCode "200" for x-ms-example "Get Environment Specification Version." in operation "EnvironmentSpecificationVersions_Get" is valid.',
  level: '\x1B[32minfo\x1B[39m'
}
{
  message: 'Request parameters for x-ms-example "Delete Environment Specification Version." in operation "EnvironmentSpecificationVersions_Delete" is valid.',
  level: '\x1B[32minfo\x1B[39m'
}
{
  message: 'Response with statusCode "200" for x-ms-example "Delete Environment Specification Version." in operation "EnvironmentSpecificationVersions_Delete" is valid.',
  level: '\x1B[32minfo\x1B[39m'
}
{
  message: 'Response with statusCode "204" for x-ms-example "Delete Environment Specification Version." in operation "EnvironmentSpecificationVersions_Delete" is valid.',
  level: '\x1B[32minfo\x1B[39m'
}
{
  message: 'Request parameters for x-ms-example "List Environment Specification Version." in operation "EnvironmentSpecificationVersions_List" is valid.',
  level: '\x1B[32minfo\x1B[39m'
}
{
  message: 'Response with statusCode "200" for x-ms-example "List Environment Specification Version." in operation "EnvironmentSpecificationVersions_List" is valid.',
  level: '\x1B[32minfo\x1B[39m'
}
{
  message: 'Request parameters for x-ms-example "CreateOrUpdate Command Job." in operation "Jobs_CreateOrUpdate" is valid.',
  level: '\x1B[32minfo\x1B[39m'
}
{
  message: 'Response with statusCode "200" for x-ms-example "CreateOrUpdate Command Job." in operation "Jobs_CreateOrUpdate" is valid.',
  level: '\x1B[32minfo\x1B[39m'
}
{
  message: 'Response with statusCode "201" for x-ms-example "CreateOrUpdate Command Job." in operation "Jobs_CreateOrUpdate" is valid.',
  level: '\x1B[32minfo\x1B[39m'
}
{
  message: 'Request parameters for x-ms-example "CreateOrUpdate Sweep Job." in operation "Jobs_CreateOrUpdate" is valid.',
  level: '\x1B[32minfo\x1B[39m'
}
{
  message: 'Response with statusCode "200" for x-ms-example "CreateOrUpdate Sweep Job." in operation "Jobs_CreateOrUpdate" is valid.',
  level: '\x1B[32minfo\x1B[39m'
}
{
  message: 'Response with statusCode "201" for x-ms-example "CreateOrUpdate Sweep Job." in operation "Jobs_CreateOrUpdate" is valid.',
  level: '\x1B[32minfo\x1B[39m'
}
{
  message: 'Request parameters for x-ms-example "Get Command Job." in operation "Jobs_Get" is valid.',
  level: '\x1B[32minfo\x1B[39m'
}
{
  message: 'Response with statusCode "200" for x-ms-example "Get Command Job." in operation "Jobs_Get" is valid.',
  level: '\x1B[32minfo\x1B[39m'
}
{
  message: 'Request parameters for x-ms-example "Get Sweep Job." in operation "Jobs_Get" is valid.',
  level: '\x1B[32minfo\x1B[39m'
}
{
  message: 'Response with statusCode "200" for x-ms-example "Get Sweep Job." in operation "Jobs_Get" is valid.',
  level: '\x1B[32minfo\x1B[39m'
}
{
  message: 'Request parameters for x-ms-example "Delete Command Job." in operation "Jobs_Delete" is valid.',
  level: '\x1B[32minfo\x1B[39m'
}
{
  message: 'Response with statusCode "200" for x-ms-example "Delete Command Job." in operation "Jobs_Delete" is valid.',
  level: '\x1B[32minfo\x1B[39m'
}
{
  message: 'Response with statusCode "202" for x-ms-example "Delete Command Job." in operation "Jobs_Delete" is valid.',
  level: '\x1B[32minfo\x1B[39m'
}
{
  message: 'Response with statusCode "204" for x-ms-example "Delete Command Job." in operation "Jobs_Delete" is valid.',
  level: '\x1B[32minfo\x1B[39m'
}
{
  message: 'Request parameters for x-ms-example "Delete Sweep Job." in operation "Jobs_Delete" is valid.',
  level: '\x1B[32minfo\x1B[39m'
}
{
  message: 'Response with statusCode "200" for x-ms-example "Delete Sweep Job." in operation "Jobs_Delete" is valid.',
  level: '\x1B[32minfo\x1B[39m'
}
{
  message: 'Response with statusCode "202" for x-ms-example "Delete Sweep Job." in operation "Jobs_Delete" is valid.',
  level: '\x1B[32minfo\x1B[39m'
}
{
  message: 'Response with statusCode "204" for x-ms-example "Delete Sweep Job." in operation "Jobs_Delete" is valid.',
  level: '\x1B[32minfo\x1B[39m'
}
{
  message: 'Request parameters for x-ms-example "List Command Job." in operation "Jobs_List" is valid.',
  level: '\x1B[32minfo\x1B[39m'
}
{
  message: 'Response with statusCode "200" for x-ms-example "List Command Job." in operation "Jobs_List" is valid.',
  level: '\x1B[32minfo\x1B[39m'
}
{
  message: 'Request parameters for x-ms-example "List Sweep Job." in operation "Jobs_List" is valid.',
  level: '\x1B[32minfo\x1B[39m'
}
{
  message: 'Response with statusCode "200" for x-ms-example "List Sweep Job." in operation "Jobs_List" is valid.',
  level: '\x1B[32minfo\x1B[39m'
}
{
  message: 'Request parameters for x-ms-example "Cancel Command Job." in operation "Jobs_Cancel" is valid.',
  level: '\x1B[32minfo\x1B[39m'
}
{
  message: 'Response with statusCode "200" for x-ms-example "Cancel Command Job." in operation "Jobs_Cancel" is valid.',
  level: '\x1B[32minfo\x1B[39m'
}
{
  message: 'Request parameters for x-ms-example "Cancel Sweep Job." in operation "Jobs_Cancel" is valid.',
  level: '\x1B[32minfo\x1B[39m'
}
{
  message: 'Response with statusCode "200" for x-ms-example "Cancel Sweep Job." in operation "Jobs_Cancel" is valid.',
  level: '\x1B[32minfo\x1B[39m'
}
{
  message: 'Request parameters for x-ms-example "CreateOrUpdate Labeling Job." in operation "LabelingJobs_CreateOrUpdate" is valid.',
  level: '\x1B[32minfo\x1B[39m'
}
{
  message: 'Response with statusCode "200" for x-ms-example "CreateOrUpdate Labeling Job." in operation "LabelingJobs_CreateOrUpdate" is valid.',
  level: '\x1B[32minfo\x1B[39m'
}
{
  message: 'Response with statusCode "201" for x-ms-example "CreateOrUpdate Labeling Job." in operation "LabelingJobs_CreateOrUpdate" is valid.',
  level: '\x1B[32minfo\x1B[39m'
}
{
  message: 'Request parameters for x-ms-example "Get Labeling Job." in operation "LabelingJobs_Get" is valid.',
  level: '\x1B[32minfo\x1B[39m'
}
{
  message: 'Response with statusCode "200" for x-ms-example "Get Labeling Job." in operation "LabelingJobs_Get" is valid.',
  level: '\x1B[32minfo\x1B[39m'
}
{
  message: 'Request parameters for x-ms-example "Delete Labeling Job." in operation "LabelingJobs_Delete" is valid.',
  level: '\x1B[32minfo\x1B[39m'
}
{
  message: 'Response with statusCode "200" for x-ms-example "Delete Labeling Job." in operation "LabelingJobs_Delete" is valid.',
  level: '\x1B[32minfo\x1B[39m'
}
{
  message: 'Response with statusCode "204" for x-ms-example "Delete Labeling Job." in operation "LabelingJobs_Delete" is valid.',
  level: '\x1B[32minfo\x1B[39m'
}
{
  message: 'Request parameters for x-ms-example "List Labeling Job." in operation "LabelingJobs_List" is valid.',
  level: '\x1B[32minfo\x1B[39m'
}
{
  message: 'Response with statusCode "200" for x-ms-example "List Labeling Job." in operation "LabelingJobs_List" is valid.',
  level: '\x1B[32minfo\x1B[39m'
}
{
  message: 'Request parameters for x-ms-example "Pause Labeling Job." in operation "LabelingJobs_Pause" is valid.',
  level: '\x1B[32minfo\x1B[39m'
}
{
  message: 'Response with statusCode "200" for x-ms-example "Pause Labeling Job." in operation "LabelingJobs_Pause" is valid.',
  level: '\x1B[32minfo\x1B[39m'
}
{
  message: 'Request parameters for x-ms-example "Resume Labeling Job." in operation "LabelingJobs_Resume" is valid.',
  level: '\x1B[32minfo\x1B[39m'
}
{
  message: 'Response with statusCode "200" for x-ms-example "Resume Labeling Job." in operation "LabelingJobs_Resume" is valid.',
  level: '\x1B[32minfo\x1B[39m'
}
{
  message: 'Response with statusCode "202" for x-ms-example "Resume Labeling Job." in operation "LabelingJobs_Resume" is valid.',
  level: '\x1B[32minfo\x1B[39m'
}
{
  message: 'Request parameters for x-ms-example "ExportLabels Labeling Job." in operation "LabelingJobs_ExportLabels" is valid.',
  level: '\x1B[32minfo\x1B[39m'
}
{
  message: 'Response with statusCode "200" for x-ms-example "ExportLabels Labeling Job." in operation "LabelingJobs_ExportLabels" is valid.',
  level: '\x1B[32minfo\x1B[39m'
}
{
  message: 'Response with statusCode "202" for x-ms-example "ExportLabels Labeling Job." in operation "LabelingJobs_ExportLabels" is valid.',
  level: '\x1B[32minfo\x1B[39m'
}
{
  message: 'Request parameters for x-ms-example "List Model Container." in operation "ModelContainers_List" is valid.',
  level: '\x1B[32minfo\x1B[39m'
}
{
  message: 'Response with statusCode "200" for x-ms-example "List Model Container." in operation "ModelContainers_List" is valid.',
  level: '\x1B[32minfo\x1B[39m'
}
{
  message: 'Request parameters for x-ms-example "CreateOrUpdate Model Container." in operation "ModelContainers_CreateOrUpdate" is valid.',
  level: '\x1B[32minfo\x1B[39m'
}
{
  message: 'Response with statusCode "200" for x-ms-example "CreateOrUpdate Model Container." in operation "ModelContainers_CreateOrUpdate" is valid.',
  level: '\x1B[32minfo\x1B[39m'
}
{
  message: 'Response with statusCode "201" for x-ms-example "CreateOrUpdate Model Container." in operation "ModelContainers_CreateOrUpdate" is valid.',
  level: '\x1B[32minfo\x1B[39m'
}
{
  message: 'Request parameters for x-ms-example "Get Model Container." in operation "ModelContainers_Get" is valid.',
  level: '\x1B[32minfo\x1B[39m'
}
{
  message: 'Response with statusCode "200" for x-ms-example "Get Model Container." in operation "ModelContainers_Get" is valid.',
  level: '\x1B[32minfo\x1B[39m'
}
{
  message: 'Request parameters for x-ms-example "Delete Model Container." in operation "ModelContainers_Delete" is valid.',
  level: '\x1B[32minfo\x1B[39m'
}
{
  message: 'Response with statusCode "200" for x-ms-example "Delete Model Container." in operation "ModelContainers_Delete" is valid.',
  level: '\x1B[32minfo\x1B[39m'
}
{
  message: 'Response with statusCode "204" for x-ms-example "Delete Model Container." in operation "ModelContainers_Delete" is valid.',
  level: '\x1B[32minfo\x1B[39m'
}
{
  message: 'Request parameters for x-ms-example "List Model Version." in operation "ModelVersions_List" is valid.',
  level: '\x1B[32minfo\x1B[39m'
}
{
  message: 'Response with statusCode "200" for x-ms-example "List Model Version." in operation "ModelVersions_List" is valid.',
  level: '\x1B[32minfo\x1B[39m'
}
{
  message: 'Request parameters for x-ms-example "CreateOrUpdate Model Version." in operation "ModelVersions_CreateOrUpdate" is valid.',
  level: '\x1B[32minfo\x1B[39m'
}
{
  message: 'Response with statusCode "200" for x-ms-example "CreateOrUpdate Model Version." in operation "ModelVersions_CreateOrUpdate" is valid.',
  level: '\x1B[32minfo\x1B[39m'
}
{
  message: 'Response with statusCode "201" for x-ms-example "CreateOrUpdate Model Version." in operation "ModelVersions_CreateOrUpdate" is valid.',
  level: '\x1B[32minfo\x1B[39m'
}
{
  message: 'Request parameters for x-ms-example "Get Model Version." in operation "ModelVersions_Get" is valid.',
  level: '\x1B[32minfo\x1B[39m'
}
{
  message: 'Response with statusCode "200" for x-ms-example "Get Model Version." in operation "ModelVersions_Get" is valid.',
  level: '\x1B[32minfo\x1B[39m'
}
{
  message: 'Request parameters for x-ms-example "Delete Model Version." in operation "ModelVersions_Delete" is valid.',
  level: '\x1B[32minfo\x1B[39m'
}
{
  message: 'Response with statusCode "200" for x-ms-example "Delete Model Version." in operation "ModelVersions_Delete" is valid.',
  level: '\x1B[32minfo\x1B[39m'
}
{
  message: 'Response with statusCode "204" for x-ms-example "Delete Model Version." in operation "ModelVersions_Delete" is valid.',
  level: '\x1B[32minfo\x1B[39m'
}
{
  message: 'Request parameters for x-ms-example "List Online Deployment." in operation "OnlineDeployments_List" is valid.',
  level: '\x1B[32minfo\x1B[39m'
}
{
  message: 'Response with statusCode "200" for x-ms-example "List Online Deployment." in operation "OnlineDeployments_List" is valid.',
  level: '\x1B[32minfo\x1B[39m'
}
{
  message: 'Request parameters for x-ms-example "Delete Online Deployment." in operation "OnlineDeployments_Delete" is valid.',
  level: '\x1B[32minfo\x1B[39m'
}
{
  message: 'Response with statusCode "200" for x-ms-example "Delete Online Deployment." in operation "OnlineDeployments_Delete" is valid.',
  level: '\x1B[32minfo\x1B[39m'
}
{
  message: 'Response with statusCode "202" for x-ms-example "Delete Online Deployment." in operation "OnlineDeployments_Delete" is valid.',
  level: '\x1B[32minfo\x1B[39m'
}
{
  message: 'Response with statusCode "204" for x-ms-example "Delete Online Deployment." in operation "OnlineDeployments_Delete" is valid.',
  level: '\x1B[32minfo\x1B[39m'
}
{
  message: 'Request parameters for x-ms-example "Get Online Deployment." in operation "OnlineDeployments_Get" is valid.',
  level: '\x1B[32minfo\x1B[39m'
}
{
  message: 'Response with statusCode "200" for x-ms-example "Get Online Deployment." in operation "OnlineDeployments_Get" is valid.',
  level: '\x1B[32minfo\x1B[39m'
}
{
  message: 'Request parameters for x-ms-example "CreateOrUpdate Online Deployment." in operation "OnlineDeployments_CreateOrUpdate" is valid.',
  level: '\x1B[32minfo\x1B[39m'
}
{
  message: 'Response with statusCode "200" for x-ms-example "CreateOrUpdate Online Deployment." in operation "OnlineDeployments_CreateOrUpdate" is valid.',
  level: '\x1B[32minfo\x1B[39m'
}
{
  message: 'Response with statusCode "201" for x-ms-example "CreateOrUpdate Online Deployment." in operation "OnlineDeployments_CreateOrUpdate" is valid.',
  level: '\x1B[32minfo\x1B[39m'
}
{
  message: 'Request parameters for x-ms-example "Update Online Deployment." in operation "OnlineDeployments_Update" is valid.',
  level: '\x1B[32minfo\x1B[39m'
}
{
  message: 'Response with statusCode "200" for x-ms-example "Update Online Deployment." in operation "OnlineDeployments_Update" is valid.',
  level: '\x1B[32minfo\x1B[39m'
}
{
  message: 'Response with statusCode "202" for x-ms-example "Update Online Deployment." in operation "OnlineDeployments_Update" is valid.',
  level: '\x1B[32minfo\x1B[39m'
}
{
  message: 'Request parameters for x-ms-example "GetLogs Online Deployment." in operation "OnlineDeployments_GetLogs" is valid.',
  level: '\x1B[32minfo\x1B[39m'
}
{
  message: 'Response with statusCode "200" for x-ms-example "GetLogs Online Deployment." in operation "OnlineDeployments_GetLogs" is valid.',
  level: '\x1B[32minfo\x1B[39m'
}
{
  message: 'Request parameters for x-ms-example "List Online Endpoint." in operation "OnlineEndpoints_List" is valid.',
  level: '\x1B[32minfo\x1B[39m'
}
{
  message: 'Response with statusCode "200" for x-ms-example "List Online Endpoint." in operation "OnlineEndpoints_List" is valid.',
  level: '\x1B[32minfo\x1B[39m'
}
{
  message: 'Request parameters for x-ms-example "Delete Online Endpoint." in operation "OnlineEndpoints_Delete" is valid.',
  level: '\x1B[32minfo\x1B[39m'
}
{
  message: 'Response with statusCode "200" for x-ms-example "Delete Online Endpoint." in operation "OnlineEndpoints_Delete" is valid.',
  level: '\x1B[32minfo\x1B[39m'
}
{
  message: 'Response with statusCode "202" for x-ms-example "Delete Online Endpoint." in operation "OnlineEndpoints_Delete" is valid.',
  level: '\x1B[32minfo\x1B[39m'
}
{
  message: 'Response with statusCode "204" for x-ms-example "Delete Online Endpoint." in operation "OnlineEndpoints_Delete" is valid.',
  level: '\x1B[32minfo\x1B[39m'
}
{
  message: 'Request parameters for x-ms-example "Get Online Endpoint." in operation "OnlineEndpoints_Get" is valid.',
  level: '\x1B[32minfo\x1B[39m'
}
{
  message: 'Response with statusCode "200" for x-ms-example "Get Online Endpoint." in operation "OnlineEndpoints_Get" is valid.',
  level: '\x1B[32minfo\x1B[39m'
}
{
  message: 'Request parameters for x-ms-example "CreateOrUpdate Online Endpoint." in operation "OnlineEndpoints_CreateOrUpdate" is valid.',
  level: '\x1B[32minfo\x1B[39m'
}
{
  message: 'Response with statusCode "200" for x-ms-example "CreateOrUpdate Online Endpoint." in operation "OnlineEndpoints_CreateOrUpdate" is valid.',
  level: '\x1B[32minfo\x1B[39m'
}
{
  message: 'Response with statusCode "201" for x-ms-example "CreateOrUpdate Online Endpoint." in operation "OnlineEndpoints_CreateOrUpdate" is valid.',
  level: '\x1B[32minfo\x1B[39m'
}
{
  message: 'Request parameters for x-ms-example "Update Online Endpoint." in operation "OnlineEndpoints_Update" is valid.',
  level: '\x1B[32minfo\x1B[39m'
}
{
  message: 'Response with statusCode "200" for x-ms-example "Update Online Endpoint." in operation "OnlineEndpoints_Update" is valid.',
  level: '\x1B[32minfo\x1B[39m'
}
{
  message: 'Response with statusCode "202" for x-ms-example "Update Online Endpoint." in operation "OnlineEndpoints_Update" is valid.',
  level: '\x1B[32minfo\x1B[39m'
}
{
  message: 'Request parameters for x-ms-example "RegenerateKeys Online Endpoint." in operation "OnlineEndpoints_RegenerateKeys" is valid.',
  level: '\x1B[32minfo\x1B[39m'
}
{
  message: 'Response with statusCode "200" for x-ms-example "RegenerateKeys Online Endpoint." in operation "OnlineEndpoints_RegenerateKeys" is valid.',
  level: '\x1B[32minfo\x1B[39m'
}
{
  message: 'Response with statusCode "202" for x-ms-example "RegenerateKeys Online Endpoint." in operation "OnlineEndpoints_RegenerateKeys" is valid.',
  level: '\x1B[32minfo\x1B[39m'
}
{
  message: 'Request parameters for x-ms-example "ListKeys Online Endpoint." in operation "OnlineEndpoints_ListKeys" is valid.',
  level: '\x1B[32minfo\x1B[39m'
}
{
  message: 'Response with statusCode "200" for x-ms-example "ListKeys Online Endpoint." in operation "OnlineEndpoints_ListKeys" is valid.',
  level: '\x1B[32minfo\x1B[39m'
}
{
  message: 'Request parameters for x-ms-example "GetToken Online Endpoint." in operation "OnlineEndpoints_GetToken" is valid.',
  level: '\x1B[32minfo\x1B[39m'
}
{
  message: 'Response with statusCode "200" for x-ms-example "GetToken Online Endpoint." in operation "OnlineEndpoints_GetToken" is valid.',
  level: '\x1B[32minfo\x1B[39m'
}
{ message: 'No Errors were found.', level: '\x1B[32minfo\x1B[39m' }
