20048 : 2024-04-03 11:22:39,520 : INFO : telemetry.main : Attempt start. Configuration directory [./azure].
20048 : 2024-04-03 11:22:39,520 : DEBUG : telemetry.note : acquiring lock
20048 : 2024-04-03 11:22:39,520 : DEBUG : telemetry.note : acquired lock
20048 : 2024-04-03 11:22:39,520 : INFO : telemetry.note : Update the note mtime to 2024-04-03 11:22:39.520114
20048 : 2024-04-03 11:22:39,520 : WARNING : telemetry.note : Fail to parse or read the timestamp 'N/A' in the note file. Set the last send time to minimal. Reason: not readable
20048 : 2024-04-03 11:22:39,520 : INFO : telemetry.records : 1 cache files to move.
20048 : 2024-04-03 11:22:39,520 : INFO : telemetry.records : Create temp folder C:\Users\yaotong\AppData\Local\Temp\tmp89_i0rr2
20048 : 2024-04-03 11:22:39,520 : INFO : telemetry.records : Move file ./azure\telemetry\cache to C:\Users\yaotong\AppData\Local\Temp\tmp89_i0rr2\cache
20048 : 2024-04-03 11:22:39,538 : INFO : telemetry.records : Processed file C:\Users\yaotong\AppData\Local\Temp\tmp89_i0rr2\cache into 1 records.
20048 : 2024-04-03 11:22:39,539 : INFO : telemetry.records : Remove directory C:\Users\yaotong\AppData\Local\Temp\tmp89_i0rr2
20048 : 2024-04-03 11:22:39,557 : INFO : telemetry.client : Accumulated 1 events. Flush the clients.
20048 : 2024-04-03 11:22:39,557 : INFO : telemetry.client : Flush client c4395b75-49cc-422c-bc95-c7d51aef5d46.
20048 : 2024-04-03 11:22:50,141 : INFO : telemetry.sender : Sending 3755 bytes
20048 : 2024-04-03 11:22:50,141 : INFO : telemetry.sender : Finish uploading in 10.581994 seconds.
20048 : 2024-04-03 11:22:50,141 : INFO : telemetry.note : Update the last send in note to 2024-04-03 11:22:39
20048 : 2024-04-03 11:22:50,141 : INFO : telemetry.note : Update the note mtime to 2024-04-03 11:22:50.141001
1328 : 2024-04-03 11:22:54,290 : INFO : telemetry.main : Attempt start. Configuration directory [./azure].
1328 : 2024-04-03 11:22:54,290 : DEBUG : telemetry.note : acquiring lock
1328 : 2024-04-03 11:22:54,299 : DEBUG : telemetry.note : acquired lock
1328 : 2024-04-03 11:22:54,299 : INFO : telemetry.note : Update the note mtime to 2024-04-03 11:22:54.299951
1328 : 2024-04-03 11:22:54,303 : INFO : telemetry.note : Read timestamp from the note. The last send was 2024-04-03 11:22:39.
1328 : 2024-04-03 11:22:54,303 : INFO : telemetry.records : 1 cache files to move.
1328 : 2024-04-03 11:22:54,303 : INFO : telemetry.records : Create temp folder C:\Users\yaotong\AppData\Local\Temp\tmprvju67b4
1328 : 2024-04-03 11:22:54,303 : INFO : telemetry.records : Move file ./azure\telemetry\cache to C:\Users\yaotong\AppData\Local\Temp\tmprvju67b4\cache
1328 : 2024-04-03 11:22:54,308 : INFO : telemetry.records : Processed file C:\Users\yaotong\AppData\Local\Temp\tmprvju67b4\cache into 1 records.
1328 : 2024-04-03 11:22:54,308 : INFO : telemetry.records : Remove directory C:\Users\yaotong\AppData\Local\Temp\tmprvju67b4
1328 : 2024-04-03 11:22:54,329 : INFO : telemetry.client : Accumulated 1 events. Flush the clients.
1328 : 2024-04-03 11:22:54,329 : INFO : telemetry.client : Flush client c4395b75-49cc-422c-bc95-c7d51aef5d46.
1328 : 2024-04-03 11:23:04,878 : INFO : telemetry.sender : Sending 3584 bytes
1328 : 2024-04-03 11:23:04,878 : INFO : telemetry.sender : Finish uploading in 10.548421 seconds.
1328 : 2024-04-03 11:23:04,878 : INFO : telemetry.note : Update the last send in note to 2024-04-03 11:22:53
1328 : 2024-04-03 11:23:04,879 : INFO : telemetry.note : Update the note mtime to 2024-04-03 11:23:04.878599
